<?xml version="1.0" encoding="UTF-8"?>
<testsuite name="GamePlayTest" tests="1" skipped="0" failures="1" errors="0" timestamp="2022-10-14T14:06:04" hostname="LUK-5CG01160SZ" time="92.305">
  <properties/>
  <testcase name="GivenTeams_AGameIsGenerated_AndSavedInTheGameLog()" classname="GamePlayTest" time="92.305">
    <failure message="org.opentest4j.AssertionFailedError: expected: &lt;8&gt; but was: &lt;202&gt;" type="org.opentest4j.AssertionFailedError">org.opentest4j.AssertionFailedError: expected: &lt;8&gt; but was: &lt;202&gt;
	at app//org.junit.jupiter.api.AssertionFailureBuilder.build(AssertionFailureBuilder.java:151)
	at app//org.junit.jupiter.api.AssertionFailureBuilder.buildAndThrow(AssertionFailureBuilder.java:132)
	at app//org.junit.jupiter.api.AssertEquals.failNotEqual(AssertEquals.java:197)
	at app//org.junit.jupiter.api.AssertEquals.assertEquals(AssertEquals.java:150)
	at app//org.junit.jupiter.api.AssertEquals.assertEquals(AssertEquals.java:145)
	at app//org.junit.jupiter.api.Assertions.assertEquals(Assertions.java:527)
	at app//GamePlayTest.GivenTeams_AGameIsGenerated_AndSavedInTheGameLog(GamePlayTest.java:56)
	at java.base@11.0.12/jdk.internal.reflect.NativeMethodAccessorImpl.invoke0(Native Method)
	at java.base@11.0.12/jdk.internal.reflect.NativeMethodAccessorImpl.invoke(NativeMethodAccessorImpl.java:62)
	at java.base@11.0.12/jdk.internal.reflect.DelegatingMethodAccessorImpl.invoke(DelegatingMethodAccessorImpl.java:43)
	at java.base@11.0.12/java.lang.reflect.Method.invoke(Method.java:566)
	at app//org.junit.platform.commons.util.ReflectionUtils.invokeMethod(ReflectionUtils.java:727)
	at app//org.junit.jupiter.engine.execution.MethodInvocation.proceed(MethodInvocation.java:60)
	at app//org.junit.jupiter.engine.execution.InvocationInterceptorChain$ValidatingInvocation.proceed(InvocationInterceptorChain.java:131)
	at app//org.junit.jupiter.engine.extension.TimeoutExtension.intercept(TimeoutExtension.java:156)
	at app//org.junit.jupiter.engine.extension.TimeoutExtension.interceptTestableMethod(TimeoutExtension.java:147)
	at app//org.junit.jupiter.engine.extension.TimeoutExtension.interceptTestMethod(TimeoutExtension.java:86)
	at app//org.junit.jupiter.engine.execution.InterceptingExecutableInvoker$ReflectiveInterceptorCall.lambda$ofVoidMethod$0(InterceptingExecutableInvoker.java:103)
	at app//org.junit.jupiter.engine.execution.InterceptingExecutableInvoker.lambda$invoke$0(InterceptingExecutableInvoker.java:93)
	at app//org.junit.jupiter.engine.execution.InvocationInterceptorChain$InterceptedInvocation.proceed(InvocationInterceptorChain.java:106)
	at app//org.junit.jupiter.engine.execution.InvocationInterceptorChain.proceed(InvocationInterceptorChain.java:64)
	at app//org.junit.jupiter.engine.execution.InvocationInterceptorChain.chainAndInvoke(InvocationInterceptorChain.java:45)
	at app//org.junit.jupiter.engine.execution.InvocationInterceptorChain.invoke(InvocationInterceptorChain.java:37)
	at app//org.junit.jupiter.engine.execution.InterceptingExecutableInvoker.invoke(InterceptingExecutableInvoker.java:92)
	at app//org.junit.jupiter.engine.execution.InterceptingExecutableInvoker.invoke(InterceptingExecutableInvoker.java:86)
	at app//org.junit.jupiter.engine.descriptor.TestMethodTestDescriptor.lambda$invokeTestMethod$7(TestMethodTestDescriptor.java:217)
	at app//org.junit.platform.engine.support.hierarchical.ThrowableCollector.execute(ThrowableCollector.java:73)
	at app//org.junit.jupiter.engine.descriptor.TestMethodTestDescriptor.invokeTestMethod(TestMethodTestDescriptor.java:213)
	at app//org.junit.jupiter.engine.descriptor.TestMethodTestDescriptor.execute(TestMethodTestDescriptor.java:138)
	at app//org.junit.jupiter.engine.descriptor.TestMethodTestDescriptor.execute(TestMethodTestDescriptor.java:68)
	at app//org.junit.platform.engine.support.hierarchical.NodeTestTask.lambda$executeRecursively$6(NodeTestTask.java:151)
	at app//org.junit.platform.engine.support.hierarchical.ThrowableCollector.execute(ThrowableCollector.java:73)
	at app//org.junit.platform.engine.support.hierarchical.NodeTestTask.lambda$executeRecursively$8(NodeTestTask.java:141)
	at app//org.junit.platform.engine.support.hierarchical.Node.around(Node.java:137)
	at app//org.junit.platform.engine.support.hierarchical.NodeTestTask.lambda$executeRecursively$9(NodeTestTask.java:139)
	at app//org.junit.platform.engine.support.hierarchical.ThrowableCollector.execute(ThrowableCollector.java:73)
	at app//org.junit.platform.engine.support.hierarchical.NodeTestTask.executeRecursively(NodeTestTask.java:138)
	at app//org.junit.platform.engine.support.hierarchical.NodeTestTask.execute(NodeTestTask.java:95)
	at java.base@11.0.12/java.util.ArrayList.forEach(ArrayList.java:1541)
	at app//org.junit.platform.engine.support.hierarchical.SameThreadHierarchicalTestExecutorService.invokeAll(SameThreadHierarchicalTestExecutorService.java:41)
	at app//org.junit.platform.engine.support.hierarchical.NodeTestTask.lambda$executeRecursively$6(NodeTestTask.java:155)
	at app//org.junit.platform.engine.support.hierarchical.ThrowableCollector.execute(ThrowableCollector.java:73)
	at app//org.junit.platform.engine.support.hierarchical.NodeTestTask.lambda$executeRecursively$8(NodeTestTask.java:141)
	at app//org.junit.platform.engine.support.hierarchical.Node.around(Node.java:137)
	at app//org.junit.platform.engine.support.hierarchical.NodeTestTask.lambda$executeRecursively$9(NodeTestTask.java:139)
	at app//org.junit.platform.engine.support.hierarchical.ThrowableCollector.execute(ThrowableCollector.java:73)
	at app//org.junit.platform.engine.support.hierarchical.NodeTestTask.executeRecursively(NodeTestTask.java:138)
	at app//org.junit.platform.engine.support.hierarchical.NodeTestTask.execute(NodeTestTask.java:95)
	at java.base@11.0.12/java.util.ArrayList.forEach(ArrayList.java:1541)
	at app//org.junit.platform.engine.support.hierarchical.SameThreadHierarchicalTestExecutorService.invokeAll(SameThreadHierarchicalTestExecutorService.java:41)
	at app//org.junit.platform.engine.support.hierarchical.NodeTestTask.lambda$executeRecursively$6(NodeTestTask.java:155)
	at app//org.junit.platform.engine.support.hierarchical.ThrowableCollector.execute(ThrowableCollector.java:73)
	at app//org.junit.platform.engine.support.hierarchical.NodeTestTask.lambda$executeRecursively$8(NodeTestTask.java:141)
	at app//org.junit.platform.engine.support.hierarchical.Node.around(Node.java:137)
	at app//org.junit.platform.engine.support.hierarchical.NodeTestTask.lambda$executeRecursively$9(NodeTestTask.java:139)
	at app//org.junit.platform.engine.support.hierarchical.ThrowableCollector.execute(ThrowableCollector.java:73)
	at app//org.junit.platform.engine.support.hierarchical.NodeTestTask.executeRecursively(NodeTestTask.java:138)
	at app//org.junit.platform.engine.support.hierarchical.NodeTestTask.execute(NodeTestTask.java:95)
	at app//org.junit.platform.engine.support.hierarchical.SameThreadHierarchicalTestExecutorService.submit(SameThreadHierarchicalTestExecutorService.java:35)
	at app//org.junit.platform.engine.support.hierarchical.HierarchicalTestExecutor.execute(HierarchicalTestExecutor.java:57)
	at app//org.junit.platform.engine.support.hierarchical.HierarchicalTestEngine.execute(HierarchicalTestEngine.java:54)
	at org.junit.platform.launcher.core.EngineExecutionOrchestrator.execute(EngineExecutionOrchestrator.java:108)
	at org.junit.platform.launcher.core.EngineExecutionOrchestrator.execute(EngineExecutionOrchestrator.java:88)
	at org.junit.platform.launcher.core.EngineExecutionOrchestrator.lambda$execute$0(EngineExecutionOrchestrator.java:54)
	at org.junit.platform.launcher.core.EngineExecutionOrchestrator.withInterceptedStreams(EngineExecutionOrchestrator.java:67)
	at org.junit.platform.launcher.core.EngineExecutionOrchestrator.execute(EngineExecutionOrchestrator.java:52)
	at org.junit.platform.launcher.core.DefaultLauncher.execute(DefaultLauncher.java:96)
	at org.junit.platform.launcher.core.DefaultLauncher.execute(DefaultLauncher.java:75)
	at org.gradle.api.internal.tasks.testing.junitplatform.JUnitPlatformTestClassProcessor$CollectAllTestClassesExecutor.processAllTestClasses(JUnitPlatformTestClassProcessor.java:99)
	at org.gradle.api.internal.tasks.testing.junitplatform.JUnitPlatformTestClassProcessor$CollectAllTestClassesExecutor.access$000(JUnitPlatformTestClassProcessor.java:79)
	at org.gradle.api.internal.tasks.testing.junitplatform.JUnitPlatformTestClassProcessor.stop(JUnitPlatformTestClassProcessor.java:75)
	at org.gradle.api.internal.tasks.testing.SuiteTestClassProcessor.stop(SuiteTestClassProcessor.java:61)
	at java.base@11.0.12/jdk.internal.reflect.NativeMethodAccessorImpl.invoke0(Native Method)
	at java.base@11.0.12/jdk.internal.reflect.NativeMethodAccessorImpl.invoke(NativeMethodAccessorImpl.java:62)
	at java.base@11.0.12/jdk.internal.reflect.DelegatingMethodAccessorImpl.invoke(DelegatingMethodAccessorImpl.java:43)
	at java.base@11.0.12/java.lang.reflect.Method.invoke(Method.java:566)
	at org.gradle.internal.dispatch.ReflectionDispatch.dispatch(ReflectionDispatch.java:36)
	at org.gradle.internal.dispatch.ReflectionDispatch.dispatch(ReflectionDispatch.java:24)
	at org.gradle.internal.dispatch.ContextClassLoaderDispatch.dispatch(ContextClassLoaderDispatch.java:33)
	at org.gradle.internal.dispatch.ProxyDispatchAdapter$DispatchingInvocationHandler.invoke(ProxyDispatchAdapter.java:94)
	at com.sun.proxy.$Proxy2.stop(Unknown Source)
	at org.gradle.api.internal.tasks.testing.worker.TestWorker$3.run(TestWorker.java:193)
	at org.gradle.api.internal.tasks.testing.worker.TestWorker.executeAndMaintainThreadName(TestWorker.java:129)
	at org.gradle.api.internal.tasks.testing.worker.TestWorker.execute(TestWorker.java:100)
	at org.gradle.api.internal.tasks.testing.worker.TestWorker.execute(TestWorker.java:60)
	at org.gradle.process.internal.worker.child.ActionExecutionWorker.execute(ActionExecutionWorker.java:56)
	at org.gradle.process.internal.worker.child.SystemApplicationClassLoaderWorker.call(SystemApplicationClassLoaderWorker.java:133)
	at org.gradle.process.internal.worker.child.SystemApplicationClassLoaderWorker.call(SystemApplicationClassLoaderWorker.java:71)
	at app//worker.org.gradle.process.internal.worker.GradleWorkerMain.run(GradleWorkerMain.java:69)
	at app//worker.org.gradle.process.internal.worker.GradleWorkerMain.main(GradleWorkerMain.java:74)
</failure>
  </testcase>
  <system-out><![CDATA[[Chelsea, Thiago Silva, Pass, Kai Havertz, Dribble, Long Pass, Reece James, Pass, Kai Havertz, Hit Woodwork, Mason Mount, Interception, Bakary Saka, Long Pass, Thomas Partey, Long Pass, Ben White, Dribble, Through Ball, Rob Holding, Pass, Bakary Saka, Dribble, Through Ball, Ben White, Backwards Pass, Gabriel Jesus, Shot, Deflected, Back in Play, Bakary Saka, Backwards Pass, Rob Holding, Dribble, Backwards Pass, Thomas Partey, Pass, Bakary Saka, Long Pass, Rob Holding, Interception, Kai Havertz, Tackle, Thomas Partey, Backwards Pass, Bakary Saka, Backwards Pass, Thomas Partey, Dribble, Long Pass, Gabriel Jesus, Long Pass, Rob Holding, Pass, Bakary Saka, Dribble, Through Ball, Rob Holding, Pass, Bakary Saka, Hit Woodwork, Rob Holding, Pass, Gabriel Jesus, Long Pass, Bakary Saka, Backwards Pass, Thomas Partey, Backwards Pass, Ben White, Tackle, Reece James, Dribble, Dribble, Backwards Pass, Thiago Silva, Pass, Mason Mount, Dribble, Through Ball, Mateo Kovavic, Backwards Pass, Reece James, Pass, Thiago Silva, Dribble, Pass, Kai Havertz, On Target, Reece James, Pass, Kai Havertz, Off Target, Mason Mount, Interception, Ben White, Backwards Pass, Gabriel Jesus, Tackle, Thiago Silva, Backwards Pass, Reece James, Tackle, Rob Holding, Backwards Pass, Bakary Saka, Shot, GOAL!!, Goal from Inside Box, Chelsea, Mason Mount, Pass, Thiago Silva, Backwards Pass, Mateo Kovavic, Long Pass, Reece James, Long Pass, Thiago Silva, Backwards Pass, Mateo Kovavic, Shot, Save, Dribble, Pass, Rob Holding, Pass, Bakary Saka, Offside, Thomas Partey, Shot, GOAL!!, Goal from Inside Box, Chelsea, Reece James, Pass, Mason Mount, Pass, Reece James, Interception, Ben White, Long Pass, Thomas Partey, Off Target, Bakary Saka, Pass, Rob Holding, Pass, Bakary Saka, Dribble, Pass, Thomas Partey, Backwards Pass, Bakary Saka, Interception, Mason Mount, Shot, Deflected, Out, Corner, Kai Havertz, Dribble, Pass, Reece James, Interception, Rob Holding, Long Pass, Gabriel Jesus, Pass, Ben White, Tackle, Thiago Silva, Dribble, Through Ball, Kai Havertz, Long Pass, Mateo Kovavic, Dribble, Through Ball, Reece James, Interception, Ben White, Long Pass, Bakary Saka, Interception, Thiago Silva, Tackle, Bakary Saka, Long Pass, Rob Holding, Interception, Kai Havertz, Off Target, Reece James, Tackle, Bakary Saka, Backwards Pass, Rob Holding, Interception, Mason Mount, Backwards Pass, Kai Havertz]
Goals = 2
{Mason Mount=7, Kai Havertz=9, Through Ball=6, Thomas Partey=8, Backwards Pass=17, Bakary Saka=16, Offside=1, Dribble=15, GOAL!!=2, Corner=1, Pass=21, Rob Holding=12, Chelsea=3, Reece James=11, Interception=10, Thiago Silva=8, Mateo Kovavic=4, Deflected=2, Ben White=7, Goal from Inside Box=2, Out=1, Back in Play=1, Gabriel Jesus=5, Tackle=7, Off Target=3, On Target=1, Long Pass=14, Save=1, Shot=5, Hit Woodwork=2}
[Thiago Silva, Kai Havertz, Reece James, Kai Havertz, Mason Mount, Bakary Saka, Thomas Partey, Ben White, Rob Holding, Bakary Saka, Ben White, Gabriel Jesus, Bakary Saka, Rob Holding, Thomas Partey, Bakary Saka, Rob Holding, Kai Havertz, Thomas Partey, Bakary Saka, Thomas Partey, Gabriel Jesus, Rob Holding, Bakary Saka, Rob Holding, Bakary Saka, Rob Holding, Gabriel Jesus, Bakary Saka, Thomas Partey, Ben White, Reece James, Thiago Silva, Mason Mount, Mateo Kovavic, Reece James, Thiago Silva, Kai Havertz, Reece James, Kai Havertz, Mason Mount, Ben White, Gabriel Jesus, Thiago Silva, Reece James, Rob Holding, Bakary Saka, Mason Mount, Thiago Silva, Mateo Kovavic, Reece James, Thiago Silva, Mateo Kovavic, Rob Holding, Bakary Saka, Thomas Partey, Reece James, Mason Mount, Reece James, Ben White, Thomas Partey, Bakary Saka, Rob Holding, Bakary Saka, Thomas Partey, Bakary Saka, Mason Mount, Kai Havertz, Reece James, Rob Holding, Gabriel Jesus, Ben White, Thiago Silva, Kai Havertz, Mateo Kovavic, Reece James, Ben White, Bakary Saka, Thiago Silva, Bakary Saka, Rob Holding, Kai Havertz, Reece James, Bakary Saka, Rob Holding, Mason Mount, Kai Havertz]
]]></system-out>
  <system-err><![CDATA[]]></system-err>
</testsuite>
