<?xml version="1.0" encoding="UTF-8"?>
<testsuite name="GamePlayTest" tests="1" skipped="0" failures="1" errors="0" timestamp="2022-10-20T15:17:55" hostname="LUK-5CG01160SZ" time="0.058">
  <properties/>
  <testcase name="GivenTeams_AGameIsGenerated_AndSavedInTheGameLog()" classname="GamePlayTest" time="0.058">
    <failure message="org.opentest4j.AssertionFailedError: expected: &lt;8&gt; but was: &lt;447&gt;" type="org.opentest4j.AssertionFailedError">org.opentest4j.AssertionFailedError: expected: &lt;8&gt; but was: &lt;447&gt;
	at app//org.junit.jupiter.api.AssertionFailureBuilder.build(AssertionFailureBuilder.java:151)
	at app//org.junit.jupiter.api.AssertionFailureBuilder.buildAndThrow(AssertionFailureBuilder.java:132)
	at app//org.junit.jupiter.api.AssertEquals.failNotEqual(AssertEquals.java:197)
	at app//org.junit.jupiter.api.AssertEquals.assertEquals(AssertEquals.java:150)
	at app//org.junit.jupiter.api.AssertEquals.assertEquals(AssertEquals.java:145)
	at app//org.junit.jupiter.api.Assertions.assertEquals(Assertions.java:527)
	at app//GamePlayTest.GivenTeams_AGameIsGenerated_AndSavedInTheGameLog(GamePlayTest.java:56)
	at java.base@11.0.12/jdk.internal.reflect.NativeMethodAccessorImpl.invoke0(Native Method)
	at java.base@11.0.12/jdk.internal.reflect.NativeMethodAccessorImpl.invoke(NativeMethodAccessorImpl.java:62)
	at java.base@11.0.12/jdk.internal.reflect.DelegatingMethodAccessorImpl.invoke(DelegatingMethodAccessorImpl.java:43)
	at java.base@11.0.12/java.lang.reflect.Method.invoke(Method.java:566)
	at app//org.junit.platform.commons.util.ReflectionUtils.invokeMethod(ReflectionUtils.java:727)
	at app//org.junit.jupiter.engine.execution.MethodInvocation.proceed(MethodInvocation.java:60)
	at app//org.junit.jupiter.engine.execution.InvocationInterceptorChain$ValidatingInvocation.proceed(InvocationInterceptorChain.java:131)
	at app//org.junit.jupiter.engine.extension.TimeoutExtension.intercept(TimeoutExtension.java:156)
	at app//org.junit.jupiter.engine.extension.TimeoutExtension.interceptTestableMethod(TimeoutExtension.java:147)
	at app//org.junit.jupiter.engine.extension.TimeoutExtension.interceptTestMethod(TimeoutExtension.java:86)
	at app//org.junit.jupiter.engine.execution.InterceptingExecutableInvoker$ReflectiveInterceptorCall.lambda$ofVoidMethod$0(InterceptingExecutableInvoker.java:103)
	at app//org.junit.jupiter.engine.execution.InterceptingExecutableInvoker.lambda$invoke$0(InterceptingExecutableInvoker.java:93)
	at app//org.junit.jupiter.engine.execution.InvocationInterceptorChain$InterceptedInvocation.proceed(InvocationInterceptorChain.java:106)
	at app//org.junit.jupiter.engine.execution.InvocationInterceptorChain.proceed(InvocationInterceptorChain.java:64)
	at app//org.junit.jupiter.engine.execution.InvocationInterceptorChain.chainAndInvoke(InvocationInterceptorChain.java:45)
	at app//org.junit.jupiter.engine.execution.InvocationInterceptorChain.invoke(InvocationInterceptorChain.java:37)
	at app//org.junit.jupiter.engine.execution.InterceptingExecutableInvoker.invoke(InterceptingExecutableInvoker.java:92)
	at app//org.junit.jupiter.engine.execution.InterceptingExecutableInvoker.invoke(InterceptingExecutableInvoker.java:86)
	at app//org.junit.jupiter.engine.descriptor.TestMethodTestDescriptor.lambda$invokeTestMethod$7(TestMethodTestDescriptor.java:217)
	at app//org.junit.platform.engine.support.hierarchical.ThrowableCollector.execute(ThrowableCollector.java:73)
	at app//org.junit.jupiter.engine.descriptor.TestMethodTestDescriptor.invokeTestMethod(TestMethodTestDescriptor.java:213)
	at app//org.junit.jupiter.engine.descriptor.TestMethodTestDescriptor.execute(TestMethodTestDescriptor.java:138)
	at app//org.junit.jupiter.engine.descriptor.TestMethodTestDescriptor.execute(TestMethodTestDescriptor.java:68)
	at app//org.junit.platform.engine.support.hierarchical.NodeTestTask.lambda$executeRecursively$6(NodeTestTask.java:151)
	at app//org.junit.platform.engine.support.hierarchical.ThrowableCollector.execute(ThrowableCollector.java:73)
	at app//org.junit.platform.engine.support.hierarchical.NodeTestTask.lambda$executeRecursively$8(NodeTestTask.java:141)
	at app//org.junit.platform.engine.support.hierarchical.Node.around(Node.java:137)
	at app//org.junit.platform.engine.support.hierarchical.NodeTestTask.lambda$executeRecursively$9(NodeTestTask.java:139)
	at app//org.junit.platform.engine.support.hierarchical.ThrowableCollector.execute(ThrowableCollector.java:73)
	at app//org.junit.platform.engine.support.hierarchical.NodeTestTask.executeRecursively(NodeTestTask.java:138)
	at app//org.junit.platform.engine.support.hierarchical.NodeTestTask.execute(NodeTestTask.java:95)
	at java.base@11.0.12/java.util.ArrayList.forEach(ArrayList.java:1541)
	at app//org.junit.platform.engine.support.hierarchical.SameThreadHierarchicalTestExecutorService.invokeAll(SameThreadHierarchicalTestExecutorService.java:41)
	at app//org.junit.platform.engine.support.hierarchical.NodeTestTask.lambda$executeRecursively$6(NodeTestTask.java:155)
	at app//org.junit.platform.engine.support.hierarchical.ThrowableCollector.execute(ThrowableCollector.java:73)
	at app//org.junit.platform.engine.support.hierarchical.NodeTestTask.lambda$executeRecursively$8(NodeTestTask.java:141)
	at app//org.junit.platform.engine.support.hierarchical.Node.around(Node.java:137)
	at app//org.junit.platform.engine.support.hierarchical.NodeTestTask.lambda$executeRecursively$9(NodeTestTask.java:139)
	at app//org.junit.platform.engine.support.hierarchical.ThrowableCollector.execute(ThrowableCollector.java:73)
	at app//org.junit.platform.engine.support.hierarchical.NodeTestTask.executeRecursively(NodeTestTask.java:138)
	at app//org.junit.platform.engine.support.hierarchical.NodeTestTask.execute(NodeTestTask.java:95)
	at java.base@11.0.12/java.util.ArrayList.forEach(ArrayList.java:1541)
	at app//org.junit.platform.engine.support.hierarchical.SameThreadHierarchicalTestExecutorService.invokeAll(SameThreadHierarchicalTestExecutorService.java:41)
	at app//org.junit.platform.engine.support.hierarchical.NodeTestTask.lambda$executeRecursively$6(NodeTestTask.java:155)
	at app//org.junit.platform.engine.support.hierarchical.ThrowableCollector.execute(ThrowableCollector.java:73)
	at app//org.junit.platform.engine.support.hierarchical.NodeTestTask.lambda$executeRecursively$8(NodeTestTask.java:141)
	at app//org.junit.platform.engine.support.hierarchical.Node.around(Node.java:137)
	at app//org.junit.platform.engine.support.hierarchical.NodeTestTask.lambda$executeRecursively$9(NodeTestTask.java:139)
	at app//org.junit.platform.engine.support.hierarchical.ThrowableCollector.execute(ThrowableCollector.java:73)
	at app//org.junit.platform.engine.support.hierarchical.NodeTestTask.executeRecursively(NodeTestTask.java:138)
	at app//org.junit.platform.engine.support.hierarchical.NodeTestTask.execute(NodeTestTask.java:95)
	at app//org.junit.platform.engine.support.hierarchical.SameThreadHierarchicalTestExecutorService.submit(SameThreadHierarchicalTestExecutorService.java:35)
	at app//org.junit.platform.engine.support.hierarchical.HierarchicalTestExecutor.execute(HierarchicalTestExecutor.java:57)
	at app//org.junit.platform.engine.support.hierarchical.HierarchicalTestEngine.execute(HierarchicalTestEngine.java:54)
	at org.junit.platform.launcher.core.EngineExecutionOrchestrator.execute(EngineExecutionOrchestrator.java:108)
	at org.junit.platform.launcher.core.EngineExecutionOrchestrator.execute(EngineExecutionOrchestrator.java:88)
	at org.junit.platform.launcher.core.EngineExecutionOrchestrator.lambda$execute$0(EngineExecutionOrchestrator.java:54)
	at org.junit.platform.launcher.core.EngineExecutionOrchestrator.withInterceptedStreams(EngineExecutionOrchestrator.java:67)
	at org.junit.platform.launcher.core.EngineExecutionOrchestrator.execute(EngineExecutionOrchestrator.java:52)
	at org.junit.platform.launcher.core.DefaultLauncher.execute(DefaultLauncher.java:96)
	at org.junit.platform.launcher.core.DefaultLauncher.execute(DefaultLauncher.java:75)
	at org.gradle.api.internal.tasks.testing.junitplatform.JUnitPlatformTestClassProcessor$CollectAllTestClassesExecutor.processAllTestClasses(JUnitPlatformTestClassProcessor.java:99)
	at org.gradle.api.internal.tasks.testing.junitplatform.JUnitPlatformTestClassProcessor$CollectAllTestClassesExecutor.access$000(JUnitPlatformTestClassProcessor.java:79)
	at org.gradle.api.internal.tasks.testing.junitplatform.JUnitPlatformTestClassProcessor.stop(JUnitPlatformTestClassProcessor.java:75)
	at org.gradle.api.internal.tasks.testing.SuiteTestClassProcessor.stop(SuiteTestClassProcessor.java:61)
	at java.base@11.0.12/jdk.internal.reflect.NativeMethodAccessorImpl.invoke0(Native Method)
	at java.base@11.0.12/jdk.internal.reflect.NativeMethodAccessorImpl.invoke(NativeMethodAccessorImpl.java:62)
	at java.base@11.0.12/jdk.internal.reflect.DelegatingMethodAccessorImpl.invoke(DelegatingMethodAccessorImpl.java:43)
	at java.base@11.0.12/java.lang.reflect.Method.invoke(Method.java:566)
	at org.gradle.internal.dispatch.ReflectionDispatch.dispatch(ReflectionDispatch.java:36)
	at org.gradle.internal.dispatch.ReflectionDispatch.dispatch(ReflectionDispatch.java:24)
	at org.gradle.internal.dispatch.ContextClassLoaderDispatch.dispatch(ContextClassLoaderDispatch.java:33)
	at org.gradle.internal.dispatch.ProxyDispatchAdapter$DispatchingInvocationHandler.invoke(ProxyDispatchAdapter.java:94)
	at com.sun.proxy.$Proxy2.stop(Unknown Source)
	at org.gradle.api.internal.tasks.testing.worker.TestWorker$3.run(TestWorker.java:193)
	at org.gradle.api.internal.tasks.testing.worker.TestWorker.executeAndMaintainThreadName(TestWorker.java:129)
	at org.gradle.api.internal.tasks.testing.worker.TestWorker.execute(TestWorker.java:100)
	at org.gradle.api.internal.tasks.testing.worker.TestWorker.execute(TestWorker.java:60)
	at org.gradle.process.internal.worker.child.ActionExecutionWorker.execute(ActionExecutionWorker.java:56)
	at org.gradle.process.internal.worker.child.SystemApplicationClassLoaderWorker.call(SystemApplicationClassLoaderWorker.java:133)
	at org.gradle.process.internal.worker.child.SystemApplicationClassLoaderWorker.call(SystemApplicationClassLoaderWorker.java:71)
	at app//worker.org.gradle.process.internal.worker.GradleWorkerMain.run(GradleWorkerMain.java:69)
	at app//worker.org.gradle.process.internal.worker.GradleWorkerMain.main(GradleWorkerMain.java:74)
</failure>
  </testcase>
  <system-out><![CDATA[Ben White has been warned
Thomas Partey has been warned
Thomas Partey has been sent OFF!
Reece James has been warned
[Chelsea, Thiago Silva, Pass, Mateo Kovavic, Offside, Kai Havertz, Pass, Thiago Silva, Dribble, Backwards Pass, Kai Havertz, Interception, Gabriel Jesus, Dribble, Long Pass, Bakary Saka, On Target, Rob Holding, Dribble, Through Ball, Thomas Partey, Pass, Rob Holding, Backwards Pass, Ben White, Backwards Pass, Gabriel Jesus, Off Target, Bakary Saka, Pass, Gabriel Jesus, Dribble, Through Ball, Rob Holding, Long Pass, Thomas Partey, Backwards Pass, Bakary Saka, Pass, Rob Holding, Pass, Bakary Saka, Backwards Pass, Ben White, Dribble, Dribble, Long Pass, Rob Holding, Long Pass, Bakary Saka, Off Target, Gabriel Jesus, Foul, Kai Havertz, Thomas Partey, Pass, Gabriel Jesus, Offside, Rob Holding, Long Pass, Bakary Saka, Offside, Rob Holding, Long Pass, Ben White, Tackle, Mason Mount, On Target, Reece James, Long Pass, Mason Mount, Offside, Reece James, Backwards Pass, Kai Havertz, Pass, Mateo Kovavic, Backwards Pass, Reece James, Dribble, Long Pass, Mason Mount, Off Target, Kai Havertz, Long Pass, Reece James, Foul, Gabriel Jesus, Thiago Silva, Pass, Kai Havertz, Off Target, Mateo Kovavic, Offside, Kai Havertz, Yellow, Ben White, Kai Havertz, Pass, Mason Mount, Shot, Deflected, Out, Corner, Thiago Silva, Pass, Mason Mount, Tackle, Bakary Saka, Interception, Reece James, Backwards Pass, Mateo Kovavic, Hit Woodwork, Thiago Silva, Pass, Kai Havertz, Hit Woodwork, Reece James, Backwards Pass, Thiago Silva, Dribble, Dribble, Dribble, Backwards Pass, Reece James, Interception, Gabriel Jesus, Offside, Thomas Partey, Long Pass, Bakary Saka, Pass, Thomas Partey, Backwards Pass, Gabriel Jesus, Pass, Rob Holding, Long Pass, Bakary Saka, Dribble, Pass, Rob Holding, Pass, Thomas Partey, Long Pass, Gabriel Jesus, Dribble, Dribble, Through Ball, Rob Holding, Long Pass, Bakary Saka, Shot, Save, Dribble, Dribble, Long Pass, Mateo Kovavic, Pass, Mason Mount, Long Pass, Mateo Kovavic, Long Pass, Thiago Silva, Yellow, Thomas Partey, Thiago Silva, Pass, Mason Mount, Backwards Pass, Reece James, Backwards Pass, Mateo Kovavic, Dribble, Backwards Pass, Reece James, Backwards Pass, Mason Mount, Shot, Save, Tackle, Reece James, Long Pass, Thiago Silva, Dribble, Long Pass, Reece James, Long Pass, Mason Mount, Off Target, Thiago Silva, Long Pass, Reece James, Backwards Pass, Kai Havertz, Long Pass, Mason Mount, Tackle, Bakary Saka, Interception, Mateo Kovavic, Pass, Thiago Silva, Tackle, Bakary Saka, Offside, Ben White, Backwards Pass, Bakary Saka, Pass, Rob Holding, Tackle, Kai Havertz, Yellow, Thomas Partey, Reece James, Pass, Thiago Silva, Dribble, Through Ball, Kai Havertz, Tackle, Rob Holding, Backwards Pass, Gabriel Jesus, Long Pass, Bakary Saka, Pass, Ben White, Long Pass, Rob Holding, Backwards Pass, Ben White, Backwards Pass, Gabriel Jesus, Tackle, Mateo Kovavic, Long Pass, Mason Mount, Long Pass, Thiago Silva, Dribble, Through Ball, Mateo Kovavic, Pass, Reece James, Dribble, Backwards Pass, Mason Mount, Pass, Mateo Kovavic, Interception, Thomas Partey, Tackle, Mason Mount, Backwards Pass, Kai Havertz, Long Pass, Mason Mount, Off Target, Kai Havertz, Dribble, Pass, Mateo Kovavic, Tackle, Thomas Partey, Interception, Reece James, Pass, Kai Havertz, Dribble, Through Ball, Mateo Kovavic, Off Target, Kai Havertz, Pass, Thiago Silva, Dribble, Backwards Pass, Kai Havertz, Shot, Save, Long Pass, Bakary Saka, Dribble, Through Ball, Ben White, Pass, Gabriel Jesus, Offside, Thomas Partey, Foul, Mason Mount, Bakary Saka, Pass, Gabriel Jesus, Long Pass, Ben White, Dribble, Dribble, Long Pass, Gabriel Jesus, Off Target, Bakary Saka, Pass, Thomas Partey, Red, Kai Havertz, Ben White, Pass, Gabriel Jesus, Dribble, Dribble, Dribble, Through Ball, Ben White, Long Pass, Gabriel Jesus, Shot, GOAL!!, Goal from Inside Box, Kick Off, Kai Havertz, Pass, Mason Mount, Backwards Pass, Mateo Kovavic, Hit Woodwork, Reece James, Backwards Pass, Kai Havertz, Long Pass, Mateo Kovavic, Backwards Pass, Mason Mount, Backwards Pass, Mateo Kovavic, Dribble, Dribble, Through Ball, Mason Mount, Pass, Thiago Silva, Dribble, Pass, Reece James, Foul, Thomas Partey, Kai Havertz, Pass, Thiago Silva, Dribble, Dribble, Through Ball, Mason Mount, Pass, Thiago Silva, Dribble, Backwards Pass, Mason Mount, Offside, Reece James, Backwards Pass, Thiago Silva, Dribble, Pass, Mateo Kovavic, Tackle, Ben White, Long Pass, Bakary Saka, On Target, Ben White, Long Pass, Rob Holding, Backwards Pass, Thomas Partey, Pass, Ben White, Yellow, Reece James, Bakary Saka, Pass, Thomas Partey, Off Target, Ben White, Dribble, Through Ball, Thomas Partey, Backwards Pass, Ben White, Tackle, Kai Havertz, Backwards Pass, Reece James, Dribble, Pass, Mateo Kovavic, Long Pass, Kai Havertz, Dribble, Pass, Mason Mount, Long Pass, Reece James, Long Pass, Kai Havertz, Long Pass, Thiago Silva, Pass, Mason Mount, Off Target, Reece James, Backwards Pass, Mason Mount, Shot, GOAL!!, Goal from Outside Box, Kick Off, Gabriel Jesus, Pass, Rob Holding, Dribble, Dribble, Dribble, Long Pass, Bakary Saka, Foul, Kai Havertz, Gabriel Jesus, Pass, Bakary Saka, Pass, Ben White, Dribble, Backwards Pass, Gabriel Jesus, Tackle, Reece James, Backwards Pass, Mateo Kovavic, Pass, Kai Havertz, Dribble, Pass, Mateo Kovavic]
{Mason Mount=23, Kai Havertz=26, Through Ball=11, Thomas Partey=16, Backwards Pass=35, Bakary Saka=21, Offside=9, Goal from Outside Box=1, Dribble=44, Corner=1, GOAL!!=2, Pass=47, Rob Holding=15, Chelsea=1, Reece James=23, Interception=6, Kick Off=2, Thiago Silva=19, Foul=5, Mateo Kovavic=20, Deflected=1, Ben White=17, Goal from Inside Box=1, Out=1, Red=1, Gabriel Jesus=19, Off Target=10, Tackle=13, Yellow=4, On Target=3, Long Pass=38, Save=3, Shot=6, Hit Woodwork=3}
Goal{playerName='Gabriel Jesus', timeScored=64.0}
Goal{playerName='Mason Mount', timeScored=83.0}
Card{PlayerName='Ben White'cardType='Yellow'time='97.0'}
Card{PlayerName='Thomas Partey'cardType='Yellow'time='167.0'}
Card{PlayerName='Thomas Partey'cardType='Red'time='216.0'}
Card{PlayerName='Kai Havertz'cardType='Red'time='309.0'}
Card{PlayerName='Reece James'cardType='Yellow'time='382.0'}
]]></system-out>
  <system-err><![CDATA[]]></system-err>
</testsuite>
