<?xml version="1.0" encoding="UTF-8"?>
<testsuite name="GamePlayTest" tests="1" skipped="0" failures="1" errors="0" timestamp="2022-10-20T15:07:56" hostname="LUK-5CG01160SZ" time="0.058">
  <properties/>
  <testcase name="GivenTeams_AGameIsGenerated_AndSavedInTheGameLog()" classname="GamePlayTest" time="0.058">
    <failure message="org.opentest4j.AssertionFailedError: expected: &lt;8&gt; but was: &lt;415&gt;" type="org.opentest4j.AssertionFailedError">org.opentest4j.AssertionFailedError: expected: &lt;8&gt; but was: &lt;415&gt;
	at app//org.junit.jupiter.api.AssertionFailureBuilder.build(AssertionFailureBuilder.java:151)
	at app//org.junit.jupiter.api.AssertionFailureBuilder.buildAndThrow(AssertionFailureBuilder.java:132)
	at app//org.junit.jupiter.api.AssertEquals.failNotEqual(AssertEquals.java:197)
	at app//org.junit.jupiter.api.AssertEquals.assertEquals(AssertEquals.java:150)
	at app//org.junit.jupiter.api.AssertEquals.assertEquals(AssertEquals.java:145)
	at app//org.junit.jupiter.api.Assertions.assertEquals(Assertions.java:527)
	at app//GamePlayTest.GivenTeams_AGameIsGenerated_AndSavedInTheGameLog(GamePlayTest.java:56)
	at java.base@11.0.12/jdk.internal.reflect.NativeMethodAccessorImpl.invoke0(Native Method)
	at java.base@11.0.12/jdk.internal.reflect.NativeMethodAccessorImpl.invoke(NativeMethodAccessorImpl.java:62)
	at java.base@11.0.12/jdk.internal.reflect.DelegatingMethodAccessorImpl.invoke(DelegatingMethodAccessorImpl.java:43)
	at java.base@11.0.12/java.lang.reflect.Method.invoke(Method.java:566)
	at app//org.junit.platform.commons.util.ReflectionUtils.invokeMethod(ReflectionUtils.java:727)
	at app//org.junit.jupiter.engine.execution.MethodInvocation.proceed(MethodInvocation.java:60)
	at app//org.junit.jupiter.engine.execution.InvocationInterceptorChain$ValidatingInvocation.proceed(InvocationInterceptorChain.java:131)
	at app//org.junit.jupiter.engine.extension.TimeoutExtension.intercept(TimeoutExtension.java:156)
	at app//org.junit.jupiter.engine.extension.TimeoutExtension.interceptTestableMethod(TimeoutExtension.java:147)
	at app//org.junit.jupiter.engine.extension.TimeoutExtension.interceptTestMethod(TimeoutExtension.java:86)
	at app//org.junit.jupiter.engine.execution.InterceptingExecutableInvoker$ReflectiveInterceptorCall.lambda$ofVoidMethod$0(InterceptingExecutableInvoker.java:103)
	at app//org.junit.jupiter.engine.execution.InterceptingExecutableInvoker.lambda$invoke$0(InterceptingExecutableInvoker.java:93)
	at app//org.junit.jupiter.engine.execution.InvocationInterceptorChain$InterceptedInvocation.proceed(InvocationInterceptorChain.java:106)
	at app//org.junit.jupiter.engine.execution.InvocationInterceptorChain.proceed(InvocationInterceptorChain.java:64)
	at app//org.junit.jupiter.engine.execution.InvocationInterceptorChain.chainAndInvoke(InvocationInterceptorChain.java:45)
	at app//org.junit.jupiter.engine.execution.InvocationInterceptorChain.invoke(InvocationInterceptorChain.java:37)
	at app//org.junit.jupiter.engine.execution.InterceptingExecutableInvoker.invoke(InterceptingExecutableInvoker.java:92)
	at app//org.junit.jupiter.engine.execution.InterceptingExecutableInvoker.invoke(InterceptingExecutableInvoker.java:86)
	at app//org.junit.jupiter.engine.descriptor.TestMethodTestDescriptor.lambda$invokeTestMethod$7(TestMethodTestDescriptor.java:217)
	at app//org.junit.platform.engine.support.hierarchical.ThrowableCollector.execute(ThrowableCollector.java:73)
	at app//org.junit.jupiter.engine.descriptor.TestMethodTestDescriptor.invokeTestMethod(TestMethodTestDescriptor.java:213)
	at app//org.junit.jupiter.engine.descriptor.TestMethodTestDescriptor.execute(TestMethodTestDescriptor.java:138)
	at app//org.junit.jupiter.engine.descriptor.TestMethodTestDescriptor.execute(TestMethodTestDescriptor.java:68)
	at app//org.junit.platform.engine.support.hierarchical.NodeTestTask.lambda$executeRecursively$6(NodeTestTask.java:151)
	at app//org.junit.platform.engine.support.hierarchical.ThrowableCollector.execute(ThrowableCollector.java:73)
	at app//org.junit.platform.engine.support.hierarchical.NodeTestTask.lambda$executeRecursively$8(NodeTestTask.java:141)
	at app//org.junit.platform.engine.support.hierarchical.Node.around(Node.java:137)
	at app//org.junit.platform.engine.support.hierarchical.NodeTestTask.lambda$executeRecursively$9(NodeTestTask.java:139)
	at app//org.junit.platform.engine.support.hierarchical.ThrowableCollector.execute(ThrowableCollector.java:73)
	at app//org.junit.platform.engine.support.hierarchical.NodeTestTask.executeRecursively(NodeTestTask.java:138)
	at app//org.junit.platform.engine.support.hierarchical.NodeTestTask.execute(NodeTestTask.java:95)
	at java.base@11.0.12/java.util.ArrayList.forEach(ArrayList.java:1541)
	at app//org.junit.platform.engine.support.hierarchical.SameThreadHierarchicalTestExecutorService.invokeAll(SameThreadHierarchicalTestExecutorService.java:41)
	at app//org.junit.platform.engine.support.hierarchical.NodeTestTask.lambda$executeRecursively$6(NodeTestTask.java:155)
	at app//org.junit.platform.engine.support.hierarchical.ThrowableCollector.execute(ThrowableCollector.java:73)
	at app//org.junit.platform.engine.support.hierarchical.NodeTestTask.lambda$executeRecursively$8(NodeTestTask.java:141)
	at app//org.junit.platform.engine.support.hierarchical.Node.around(Node.java:137)
	at app//org.junit.platform.engine.support.hierarchical.NodeTestTask.lambda$executeRecursively$9(NodeTestTask.java:139)
	at app//org.junit.platform.engine.support.hierarchical.ThrowableCollector.execute(ThrowableCollector.java:73)
	at app//org.junit.platform.engine.support.hierarchical.NodeTestTask.executeRecursively(NodeTestTask.java:138)
	at app//org.junit.platform.engine.support.hierarchical.NodeTestTask.execute(NodeTestTask.java:95)
	at java.base@11.0.12/java.util.ArrayList.forEach(ArrayList.java:1541)
	at app//org.junit.platform.engine.support.hierarchical.SameThreadHierarchicalTestExecutorService.invokeAll(SameThreadHierarchicalTestExecutorService.java:41)
	at app//org.junit.platform.engine.support.hierarchical.NodeTestTask.lambda$executeRecursively$6(NodeTestTask.java:155)
	at app//org.junit.platform.engine.support.hierarchical.ThrowableCollector.execute(ThrowableCollector.java:73)
	at app//org.junit.platform.engine.support.hierarchical.NodeTestTask.lambda$executeRecursively$8(NodeTestTask.java:141)
	at app//org.junit.platform.engine.support.hierarchical.Node.around(Node.java:137)
	at app//org.junit.platform.engine.support.hierarchical.NodeTestTask.lambda$executeRecursively$9(NodeTestTask.java:139)
	at app//org.junit.platform.engine.support.hierarchical.ThrowableCollector.execute(ThrowableCollector.java:73)
	at app//org.junit.platform.engine.support.hierarchical.NodeTestTask.executeRecursively(NodeTestTask.java:138)
	at app//org.junit.platform.engine.support.hierarchical.NodeTestTask.execute(NodeTestTask.java:95)
	at app//org.junit.platform.engine.support.hierarchical.SameThreadHierarchicalTestExecutorService.submit(SameThreadHierarchicalTestExecutorService.java:35)
	at app//org.junit.platform.engine.support.hierarchical.HierarchicalTestExecutor.execute(HierarchicalTestExecutor.java:57)
	at app//org.junit.platform.engine.support.hierarchical.HierarchicalTestEngine.execute(HierarchicalTestEngine.java:54)
	at org.junit.platform.launcher.core.EngineExecutionOrchestrator.execute(EngineExecutionOrchestrator.java:108)
	at org.junit.platform.launcher.core.EngineExecutionOrchestrator.execute(EngineExecutionOrchestrator.java:88)
	at org.junit.platform.launcher.core.EngineExecutionOrchestrator.lambda$execute$0(EngineExecutionOrchestrator.java:54)
	at org.junit.platform.launcher.core.EngineExecutionOrchestrator.withInterceptedStreams(EngineExecutionOrchestrator.java:67)
	at org.junit.platform.launcher.core.EngineExecutionOrchestrator.execute(EngineExecutionOrchestrator.java:52)
	at org.junit.platform.launcher.core.DefaultLauncher.execute(DefaultLauncher.java:96)
	at org.junit.platform.launcher.core.DefaultLauncher.execute(DefaultLauncher.java:75)
	at org.gradle.api.internal.tasks.testing.junitplatform.JUnitPlatformTestClassProcessor$CollectAllTestClassesExecutor.processAllTestClasses(JUnitPlatformTestClassProcessor.java:99)
	at org.gradle.api.internal.tasks.testing.junitplatform.JUnitPlatformTestClassProcessor$CollectAllTestClassesExecutor.access$000(JUnitPlatformTestClassProcessor.java:79)
	at org.gradle.api.internal.tasks.testing.junitplatform.JUnitPlatformTestClassProcessor.stop(JUnitPlatformTestClassProcessor.java:75)
	at org.gradle.api.internal.tasks.testing.SuiteTestClassProcessor.stop(SuiteTestClassProcessor.java:61)
	at java.base@11.0.12/jdk.internal.reflect.NativeMethodAccessorImpl.invoke0(Native Method)
	at java.base@11.0.12/jdk.internal.reflect.NativeMethodAccessorImpl.invoke(NativeMethodAccessorImpl.java:62)
	at java.base@11.0.12/jdk.internal.reflect.DelegatingMethodAccessorImpl.invoke(DelegatingMethodAccessorImpl.java:43)
	at java.base@11.0.12/java.lang.reflect.Method.invoke(Method.java:566)
	at org.gradle.internal.dispatch.ReflectionDispatch.dispatch(ReflectionDispatch.java:36)
	at org.gradle.internal.dispatch.ReflectionDispatch.dispatch(ReflectionDispatch.java:24)
	at org.gradle.internal.dispatch.ContextClassLoaderDispatch.dispatch(ContextClassLoaderDispatch.java:33)
	at org.gradle.internal.dispatch.ProxyDispatchAdapter$DispatchingInvocationHandler.invoke(ProxyDispatchAdapter.java:94)
	at com.sun.proxy.$Proxy2.stop(Unknown Source)
	at org.gradle.api.internal.tasks.testing.worker.TestWorker$3.run(TestWorker.java:193)
	at org.gradle.api.internal.tasks.testing.worker.TestWorker.executeAndMaintainThreadName(TestWorker.java:129)
	at org.gradle.api.internal.tasks.testing.worker.TestWorker.execute(TestWorker.java:100)
	at org.gradle.api.internal.tasks.testing.worker.TestWorker.execute(TestWorker.java:60)
	at org.gradle.process.internal.worker.child.ActionExecutionWorker.execute(ActionExecutionWorker.java:56)
	at org.gradle.process.internal.worker.child.SystemApplicationClassLoaderWorker.call(SystemApplicationClassLoaderWorker.java:133)
	at org.gradle.process.internal.worker.child.SystemApplicationClassLoaderWorker.call(SystemApplicationClassLoaderWorker.java:71)
	at app//worker.org.gradle.process.internal.worker.GradleWorkerMain.run(GradleWorkerMain.java:69)
	at app//worker.org.gradle.process.internal.worker.GradleWorkerMain.main(GradleWorkerMain.java:74)
</failure>
  </testcase>
  <system-out><![CDATA[{}
Kai Havertz last player
null this is the card count
Player has been warned
{Kai Havertz=1}
Kai Havertz last player
1 this is the card count
Player has been sent off!
{Kai Havertz=2}
Thomas Partey last player
null this is the card count
Player has been warned
{Kai Havertz=2, Thomas Partey=1}
Rob Holding last player
null this is the card count
Player has been warned
{Kai Havertz=2, Rob Holding=1, Thomas Partey=1}
Ben White last player
null this is the card count
Player has been warned
[Chelsea, Reece James, Pass, Kai Havertz, Long Pass, Reece James, Dribble, Through Ball, Kai Havertz, Dribble, Through Ball, Reece James, Pass, Thiago Silva, Long Pass, Reece James, Dribble, Backwards Pass, Kai Havertz, Dribble, Through Ball, Mateo Kovavic, Long Pass, Thiago Silva, Long Pass, Reece James, Tackle, Gabriel Jesus, Backwards Pass, Rob Holding, Dribble, Pass, Bakary Saka, Off Target, Thomas Partey, Long Pass, Bakary Saka, Pass, Rob Holding, Dribble, Through Ball, Ben White, Dribble, Pass, Thomas Partey, Dribble, Pass, Rob Holding, Backwards Pass, Bakary Saka, Dribble, Long Pass, Ben White, Long Pass, Bakary Saka, Pass, Rob Holding, Long Pass, Bakary Saka, On Target, Thomas Partey, Shot, Deflected, Back in Play, Gabriel Jesus, Backwards Pass, Ben White, Dribble, Long Pass, Gabriel Jesus, Backwards Pass, Thomas Partey, Long Pass, Rob Holding, Long Pass, Bakary Saka, On Target, Rob Holding, Pass, Bakary Saka, Backwards Pass, Ben White, Yellow, Kai Havertz, Gabriel Jesus, Pass, Thomas Partey, On Target, Bakary Saka, Pass, Ben White, Tackle, Kai Havertz, Long Pass, Reece James, Tackle, Thomas Partey, Interception, Mateo Kovavic, Long Pass, Reece James, Backwards Pass, Mateo Kovavic, Pass, Reece James, Dribble, Dribble, Through Ball, Mateo Kovavic, Hit Woodwork, Reece James, Pass, Thiago Silva, Long Pass, Kai Havertz, Shot, Save, Dribble, Backwards Pass, Rob Holding, Backwards Pass, Bakary Saka, Offside, Rob Holding, Backwards Pass, Gabriel Jesus, Off Target, Bakary Saka, Dribble, Through Ball, Gabriel Jesus, Offside, Ben White, Long Pass, Rob Holding, Pass, Thomas Partey, Yellow, Kai Havertz, Ben White, Pass, Rob Holding, Dribble, Pass, Bakary Saka, Shot, Deflected, Out, Corner, Thomas Partey, Shot, Save, Dribble, Through Ball, Mason Mount, Hit Woodwork, Thiago Silva, Long Pass, Mateo Kovavic, Tackle, Thomas Partey, Backwards Pass, Gabriel Jesus, Long Pass, Bakary Saka, Backwards Pass, Thomas Partey, Long Pass, Bakary Saka, Long Pass, Ben White, Long Pass, Thomas Partey, Shot, Save, Pass, Mason Mount, On Target, Thiago Silva, Backwards Pass, Reece James, Long Pass, Thiago Silva, Dribble, Backwards Pass, Reece James, Dribble, Pass, Thiago Silva, Pass, Reece James, Interception, Gabriel Jesus, Shot, GOAL!!, Goal from Outside Box, Kick Off, Mason Mount, Pass, Mateo Kovavic, Tackle, Ben White, Long Pass, Thomas Partey, Long Pass, Ben White, Foul, Mateo Kovavic, Bakary Saka, Pass, Thomas Partey, Long Pass, Gabriel Jesus, Dribble, Pass, Bakary Saka, Shot, Save, Yellow, Thomas Partey, Reece James, Pass, Thiago Silva, Backwards Pass, Mateo Kovavic, Off Target, Thiago Silva, Dribble, Through Ball, Kai Havertz, Backwards Pass, Mateo Kovavic, Backwards Pass, Kai Havertz, Dribble, Backwards Pass, Reece James, Backwards Pass, Mateo Kovavic, Long Pass, Thiago Silva, Interception, Rob Holding, Dribble, Backwards Pass, Ben White, Backwards Pass, Rob Holding, Backwards Pass, Thomas Partey, Off Target, Rob Holding, Long Pass, Ben White, Long Pass, Gabriel Jesus, Pass, Thomas Partey, Dribble, Long Pass, Ben White, Dribble, Long Pass, Gabriel Jesus, Long Pass, Bakary Saka, Backwards Pass, Ben White, Backwards Pass, Rob Holding, Backwards Pass, Gabriel Jesus, Long Pass, Rob Holding, Dribble, Backwards Pass, Gabriel Jesus, Hit Woodwork, Ben White, Long Pass, Rob Holding, Interception, Reece James, Dribble, Backwards Pass, Mason Mount, Backwards Pass, Reece James, Foul, Rob Holding, Thiago Silva, Pass, Mason Mount, Shot, Save, Backwards Pass, Ben White, Long Pass, Bakary Saka, Backwards Pass, Thomas Partey, Pass, Ben White, Pass, Thomas Partey, Tackle, Mason Mount, Backwards Pass, Reece James, Yellow, Rob Holding, Reece James, Pass, Mateo Kovavic, Shot, Save, Long Pass, Rob Holding, Long Pass, Gabriel Jesus, Tackle, Mason Mount, Backwards Pass, Kai Havertz, Foul, Ben White, Reece James, Pass, Kai Havertz, Yellow, Ben White, Mateo Kovavic, Pass, Thiago Silva, Pass, Mateo Kovavic, Pass, Mason Mount, Long Pass, Mateo Kovavic, Shot, Save, Dribble, Through Ball, Bakary Saka, Pass, Ben White, Dribble, Backwards Pass, Thomas Partey, On Target, Gabriel Jesus, Backwards Pass, Rob Holding, Tackle, Reece James, Dribble, Long Pass, Mason Mount, Offside, Kai Havertz, Dribble, Long Pass, Reece James, Interception, Rob Holding, Pass, Thomas Partey, Backwards Pass, Bakary Saka, Pass, Ben White, Dribble, Long Pass, Gabriel Jesus, Pass, Rob Holding, Pass, Bakary Saka, Pass, Thomas Partey, Dribble, Pass, Gabriel Jesus, Backwards Pass, Thomas Partey, Offside, Bakary Saka, Dribble, Dribble, Dribble, Pass, Thomas Partey, Long Pass, Ben White, Backwards Pass, Rob Holding, Interception, Reece James, Interception, Ben White, Pass, Gabriel Jesus, Off Target, Thomas Partey, Shot, Deflected, Out, Corner, Ben White, Long Pass, Gabriel Jesus, Dribble, Through Ball, Ben White]
{Mason Mount=9, Kai Havertz=12, Through Ball=10, Thomas Partey=24, Backwards Pass=37, Bakary Saka=21, Offside=4, Goal from Outside Box=1, Dribble=36, Corner=2, GOAL!!=1, Pass=40, Rob Holding=23, Chelsea=1, Reece James=22, Interception=7, Kick Off=1, Thiago Silva=12, Foul=3, Mateo Kovavic=14, Deflected=3, Ben White=25, Out=2, Back in Play=1, Tackle=8, Gabriel Jesus=19, Off Target=5, Yellow=5, On Target=5, Long Pass=41, Save=7, Shot=11, Hit Woodwork=3}
Goal{playerName='Gabriel Jesus', timeScored=42.0}
Card{PlayerName='Kai Havertz'cardType='Yellow'time='84.0'}
Card{PlayerName='Kai Havertz'cardType='Yellow'time='139.0'}
Card{PlayerName='Thomas Partey'cardType='Yellow'time='220.0'}
Card{PlayerName='Rob Holding'cardType='Yellow'time='311.0'}
Card{PlayerName='Ben White'cardType='Yellow'time='331.0'}
]]></system-out>
  <system-err><![CDATA[]]></system-err>
</testsuite>
