<?xml version="1.0" encoding="UTF-8"?>
<testsuite name="GamePlayTest" tests="1" skipped="0" failures="1" errors="0" timestamp="2022-10-13T10:05:53" hostname="LUK-5CG01160SZ" time="0.035">
  <properties/>
  <testcase name="GivenTeams_AGameIsGenerated_AndSavedInTheGameLog()" classname="GamePlayTest" time="0.035">
    <failure message="org.opentest4j.AssertionFailedError: expected: &lt;8&gt; but was: &lt;207&gt;" type="org.opentest4j.AssertionFailedError">org.opentest4j.AssertionFailedError: expected: &lt;8&gt; but was: &lt;207&gt;
	at app//org.junit.jupiter.api.AssertionFailureBuilder.build(AssertionFailureBuilder.java:151)
	at app//org.junit.jupiter.api.AssertionFailureBuilder.buildAndThrow(AssertionFailureBuilder.java:132)
	at app//org.junit.jupiter.api.AssertEquals.failNotEqual(AssertEquals.java:197)
	at app//org.junit.jupiter.api.AssertEquals.assertEquals(AssertEquals.java:150)
	at app//org.junit.jupiter.api.AssertEquals.assertEquals(AssertEquals.java:145)
	at app//org.junit.jupiter.api.Assertions.assertEquals(Assertions.java:527)
	at app//GamePlayTest.GivenTeams_AGameIsGenerated_AndSavedInTheGameLog(GamePlayTest.java:56)
	at java.base@11.0.12/jdk.internal.reflect.NativeMethodAccessorImpl.invoke0(Native Method)
	at java.base@11.0.12/jdk.internal.reflect.NativeMethodAccessorImpl.invoke(NativeMethodAccessorImpl.java:62)
	at java.base@11.0.12/jdk.internal.reflect.DelegatingMethodAccessorImpl.invoke(DelegatingMethodAccessorImpl.java:43)
	at java.base@11.0.12/java.lang.reflect.Method.invoke(Method.java:566)
	at app//org.junit.platform.commons.util.ReflectionUtils.invokeMethod(ReflectionUtils.java:727)
	at app//org.junit.jupiter.engine.execution.MethodInvocation.proceed(MethodInvocation.java:60)
	at app//org.junit.jupiter.engine.execution.InvocationInterceptorChain$ValidatingInvocation.proceed(InvocationInterceptorChain.java:131)
	at app//org.junit.jupiter.engine.extension.TimeoutExtension.intercept(TimeoutExtension.java:156)
	at app//org.junit.jupiter.engine.extension.TimeoutExtension.interceptTestableMethod(TimeoutExtension.java:147)
	at app//org.junit.jupiter.engine.extension.TimeoutExtension.interceptTestMethod(TimeoutExtension.java:86)
	at app//org.junit.jupiter.engine.execution.InterceptingExecutableInvoker$ReflectiveInterceptorCall.lambda$ofVoidMethod$0(InterceptingExecutableInvoker.java:103)
	at app//org.junit.jupiter.engine.execution.InterceptingExecutableInvoker.lambda$invoke$0(InterceptingExecutableInvoker.java:93)
	at app//org.junit.jupiter.engine.execution.InvocationInterceptorChain$InterceptedInvocation.proceed(InvocationInterceptorChain.java:106)
	at app//org.junit.jupiter.engine.execution.InvocationInterceptorChain.proceed(InvocationInterceptorChain.java:64)
	at app//org.junit.jupiter.engine.execution.InvocationInterceptorChain.chainAndInvoke(InvocationInterceptorChain.java:45)
	at app//org.junit.jupiter.engine.execution.InvocationInterceptorChain.invoke(InvocationInterceptorChain.java:37)
	at app//org.junit.jupiter.engine.execution.InterceptingExecutableInvoker.invoke(InterceptingExecutableInvoker.java:92)
	at app//org.junit.jupiter.engine.execution.InterceptingExecutableInvoker.invoke(InterceptingExecutableInvoker.java:86)
	at app//org.junit.jupiter.engine.descriptor.TestMethodTestDescriptor.lambda$invokeTestMethod$7(TestMethodTestDescriptor.java:217)
	at app//org.junit.platform.engine.support.hierarchical.ThrowableCollector.execute(ThrowableCollector.java:73)
	at app//org.junit.jupiter.engine.descriptor.TestMethodTestDescriptor.invokeTestMethod(TestMethodTestDescriptor.java:213)
	at app//org.junit.jupiter.engine.descriptor.TestMethodTestDescriptor.execute(TestMethodTestDescriptor.java:138)
	at app//org.junit.jupiter.engine.descriptor.TestMethodTestDescriptor.execute(TestMethodTestDescriptor.java:68)
	at app//org.junit.platform.engine.support.hierarchical.NodeTestTask.lambda$executeRecursively$6(NodeTestTask.java:151)
	at app//org.junit.platform.engine.support.hierarchical.ThrowableCollector.execute(ThrowableCollector.java:73)
	at app//org.junit.platform.engine.support.hierarchical.NodeTestTask.lambda$executeRecursively$8(NodeTestTask.java:141)
	at app//org.junit.platform.engine.support.hierarchical.Node.around(Node.java:137)
	at app//org.junit.platform.engine.support.hierarchical.NodeTestTask.lambda$executeRecursively$9(NodeTestTask.java:139)
	at app//org.junit.platform.engine.support.hierarchical.ThrowableCollector.execute(ThrowableCollector.java:73)
	at app//org.junit.platform.engine.support.hierarchical.NodeTestTask.executeRecursively(NodeTestTask.java:138)
	at app//org.junit.platform.engine.support.hierarchical.NodeTestTask.execute(NodeTestTask.java:95)
	at java.base@11.0.12/java.util.ArrayList.forEach(ArrayList.java:1541)
	at app//org.junit.platform.engine.support.hierarchical.SameThreadHierarchicalTestExecutorService.invokeAll(SameThreadHierarchicalTestExecutorService.java:41)
	at app//org.junit.platform.engine.support.hierarchical.NodeTestTask.lambda$executeRecursively$6(NodeTestTask.java:155)
	at app//org.junit.platform.engine.support.hierarchical.ThrowableCollector.execute(ThrowableCollector.java:73)
	at app//org.junit.platform.engine.support.hierarchical.NodeTestTask.lambda$executeRecursively$8(NodeTestTask.java:141)
	at app//org.junit.platform.engine.support.hierarchical.Node.around(Node.java:137)
	at app//org.junit.platform.engine.support.hierarchical.NodeTestTask.lambda$executeRecursively$9(NodeTestTask.java:139)
	at app//org.junit.platform.engine.support.hierarchical.ThrowableCollector.execute(ThrowableCollector.java:73)
	at app//org.junit.platform.engine.support.hierarchical.NodeTestTask.executeRecursively(NodeTestTask.java:138)
	at app//org.junit.platform.engine.support.hierarchical.NodeTestTask.execute(NodeTestTask.java:95)
	at java.base@11.0.12/java.util.ArrayList.forEach(ArrayList.java:1541)
	at app//org.junit.platform.engine.support.hierarchical.SameThreadHierarchicalTestExecutorService.invokeAll(SameThreadHierarchicalTestExecutorService.java:41)
	at app//org.junit.platform.engine.support.hierarchical.NodeTestTask.lambda$executeRecursively$6(NodeTestTask.java:155)
	at app//org.junit.platform.engine.support.hierarchical.ThrowableCollector.execute(ThrowableCollector.java:73)
	at app//org.junit.platform.engine.support.hierarchical.NodeTestTask.lambda$executeRecursively$8(NodeTestTask.java:141)
	at app//org.junit.platform.engine.support.hierarchical.Node.around(Node.java:137)
	at app//org.junit.platform.engine.support.hierarchical.NodeTestTask.lambda$executeRecursively$9(NodeTestTask.java:139)
	at app//org.junit.platform.engine.support.hierarchical.ThrowableCollector.execute(ThrowableCollector.java:73)
	at app//org.junit.platform.engine.support.hierarchical.NodeTestTask.executeRecursively(NodeTestTask.java:138)
	at app//org.junit.platform.engine.support.hierarchical.NodeTestTask.execute(NodeTestTask.java:95)
	at app//org.junit.platform.engine.support.hierarchical.SameThreadHierarchicalTestExecutorService.submit(SameThreadHierarchicalTestExecutorService.java:35)
	at app//org.junit.platform.engine.support.hierarchical.HierarchicalTestExecutor.execute(HierarchicalTestExecutor.java:57)
	at app//org.junit.platform.engine.support.hierarchical.HierarchicalTestEngine.execute(HierarchicalTestEngine.java:54)
	at org.junit.platform.launcher.core.EngineExecutionOrchestrator.execute(EngineExecutionOrchestrator.java:108)
	at org.junit.platform.launcher.core.EngineExecutionOrchestrator.execute(EngineExecutionOrchestrator.java:88)
	at org.junit.platform.launcher.core.EngineExecutionOrchestrator.lambda$execute$0(EngineExecutionOrchestrator.java:54)
	at org.junit.platform.launcher.core.EngineExecutionOrchestrator.withInterceptedStreams(EngineExecutionOrchestrator.java:67)
	at org.junit.platform.launcher.core.EngineExecutionOrchestrator.execute(EngineExecutionOrchestrator.java:52)
	at org.junit.platform.launcher.core.DefaultLauncher.execute(DefaultLauncher.java:96)
	at org.junit.platform.launcher.core.DefaultLauncher.execute(DefaultLauncher.java:75)
	at org.gradle.api.internal.tasks.testing.junitplatform.JUnitPlatformTestClassProcessor$CollectAllTestClassesExecutor.processAllTestClasses(JUnitPlatformTestClassProcessor.java:99)
	at org.gradle.api.internal.tasks.testing.junitplatform.JUnitPlatformTestClassProcessor$CollectAllTestClassesExecutor.access$000(JUnitPlatformTestClassProcessor.java:79)
	at org.gradle.api.internal.tasks.testing.junitplatform.JUnitPlatformTestClassProcessor.stop(JUnitPlatformTestClassProcessor.java:75)
	at org.gradle.api.internal.tasks.testing.SuiteTestClassProcessor.stop(SuiteTestClassProcessor.java:61)
	at java.base@11.0.12/jdk.internal.reflect.NativeMethodAccessorImpl.invoke0(Native Method)
	at java.base@11.0.12/jdk.internal.reflect.NativeMethodAccessorImpl.invoke(NativeMethodAccessorImpl.java:62)
	at java.base@11.0.12/jdk.internal.reflect.DelegatingMethodAccessorImpl.invoke(DelegatingMethodAccessorImpl.java:43)
	at java.base@11.0.12/java.lang.reflect.Method.invoke(Method.java:566)
	at org.gradle.internal.dispatch.ReflectionDispatch.dispatch(ReflectionDispatch.java:36)
	at org.gradle.internal.dispatch.ReflectionDispatch.dispatch(ReflectionDispatch.java:24)
	at org.gradle.internal.dispatch.ContextClassLoaderDispatch.dispatch(ContextClassLoaderDispatch.java:33)
	at org.gradle.internal.dispatch.ProxyDispatchAdapter$DispatchingInvocationHandler.invoke(ProxyDispatchAdapter.java:94)
	at com.sun.proxy.$Proxy2.stop(Unknown Source)
	at org.gradle.api.internal.tasks.testing.worker.TestWorker$3.run(TestWorker.java:193)
	at org.gradle.api.internal.tasks.testing.worker.TestWorker.executeAndMaintainThreadName(TestWorker.java:129)
	at org.gradle.api.internal.tasks.testing.worker.TestWorker.execute(TestWorker.java:100)
	at org.gradle.api.internal.tasks.testing.worker.TestWorker.execute(TestWorker.java:60)
	at org.gradle.process.internal.worker.child.ActionExecutionWorker.execute(ActionExecutionWorker.java:56)
	at org.gradle.process.internal.worker.child.SystemApplicationClassLoaderWorker.call(SystemApplicationClassLoaderWorker.java:133)
	at org.gradle.process.internal.worker.child.SystemApplicationClassLoaderWorker.call(SystemApplicationClassLoaderWorker.java:71)
	at app//worker.org.gradle.process.internal.worker.GradleWorkerMain.run(GradleWorkerMain.java:69)
	at app//worker.org.gradle.process.internal.worker.GradleWorkerMain.main(GradleWorkerMain.java:74)
</failure>
  </testcase>
  <system-out><![CDATA[[Chelsea, Mason Mount, Pass, Thiago Silva, Backwards Pass, Reece James, Long Pass, Thiago Silva, Pass, Reece James, Long Pass, Mateo Kovavic, Pass, Kai Havertz, Dribble, Backwards Pass, Mason Mount, Pass, Mateo Kovavic, Dribble, Through Ball, Thiago Silva, Backwards Pass, Mateo Kovavic, Backwards Pass, Mason Mount, Backwards Pass, Kai Havertz, Pass, Thiago Silva, Dribble, Dribble, Pass, Kai Havertz, Offside, Thiago Silva, Long Pass, Mason Mount, Backwards Pass, Mateo Kovavic, Pass, Kai Havertz, Long Pass, Mason Mount, Shot, Deflected, Thiago Silva, Interception, Mason Mount, Off Target, Reece James, Interception, Bakary Saka, Hit Woodwork, Rob Holding, Pass, Ben White, Backwards Pass, Gabriel Jesus, Offside, Bakary Saka, Interception, Reece James, Pass, Kai Havertz, Offside, Thiago Silva, Backwards Pass, Mateo Kovavic, Dribble, Backwards Pass, Kai Havertz, Pass, Reece James, Tackle, Ben White, Dribble, Through Ball, Bakary Saka, Shot, GOAL!!, Goal from Outside Box, Chelsea, Reece James, Pass, Mason Mount, Interception, Rob Holding, Pass, Bakary Saka, Long Pass, Rob Holding, Dribble, Dribble, Long Pass, Thomas Partey, Hit Woodwork, Bakary Saka, Tackle, Mateo Kovavic, Pass, Thiago Silva, Long Pass, Kai Havertz, Shot, GOAL!!, Goal from Outside Box, Arsenal, Ben White, Pass, Thomas Partey, Interception, Kai Havertz, Backwards Pass, Thiago Silva, Backwards Pass, Mateo Kovavic, Offside, Reece James, Long Pass, Mason Mount, Pass, Mateo Kovavic, Backwards Pass, Reece James, Tackle, Bakary Saka, On Target, Gabriel Jesus, Dribble, Long Pass, Rob Holding, Tackle, Kai Havertz, Pass, Thiago Silva, Long Pass, Mason Mount, Backwards Pass, Reece James, Backwards Pass, Mateo Kovavic, Long Pass, Mason Mount, Interception, Thomas Partey, Shot, GOAL!!, Goal from Inside Box, Arsenal, Ben White, Pass, Rob Holding, Backwards Pass, Bakary Saka, Hit Woodwork, Ben White, Pass, Rob Holding, Tackle, Mateo Kovavic, Offside, Kai Havertz, Tackle, Ben White, Interception, Mason Mount, Hit Woodwork, Thiago Silva, Pass, Reece James, Pass, Mason Mount, Backwards Pass, Mateo Kovavic, Long Pass, Thiago Silva, Pass, Mason Mount, Pass, Kai Havertz, Backwards Pass, Mason Mount, Dribble, Through Ball, Reece James, Backwards Pass, Mason Mount, Long Pass, Thiago Silva, Interception, Ben White, Backwards Pass, Thomas Partey, Long Pass, Ben White, Tackle, Reece James, Pass, Mason Mount, Offside, Reece James, Long Pass, Kai Havertz, Dribble, Pass, Thiago Silva]
Goals = 3
{Mason Mount=16, Kai Havertz=12, Through Ball=3, Thomas Partey=4, Backwards Pass=19, Bakary Saka=7, Offside=6, Goal from Outside Box=2, Dribble=11, GOAL!!=3, Pass=24, Rob Holding=6, Arsenal=2, Chelsea=2, Reece James=13, Interception=8, Thiago Silva=14, Mateo Kovavic=11, Deflected=1, Ben White=8, Goal from Inside Box=1, Off Target=1, Gabriel Jesus=2, Tackle=7, On Target=1, Long Pass=15, Shot=4, Hit Woodwork=4}
207
80
Bakary Saka
105
Kai Havertz
147
Thomas Partey
[Mason Mount, Thiago Silva, Reece James, Thiago Silva, Reece James, Mateo Kovavic, Kai Havertz, Mason Mount, Mateo Kovavic, Thiago Silva, Mateo Kovavic, Mason Mount, Kai Havertz, Thiago Silva, Kai Havertz, Thiago Silva, Mason Mount, Mateo Kovavic, Kai Havertz, Mason Mount, Thiago Silva, Mason Mount, Reece James, Bakary Saka, Rob Holding, Ben White, Gabriel Jesus, Bakary Saka, Reece James, Kai Havertz, Thiago Silva, Mateo Kovavic, Kai Havertz, Reece James, Ben White, Bakary Saka, Reece James, Mason Mount, Rob Holding, Bakary Saka, Rob Holding, Thomas Partey, Bakary Saka, Mateo Kovavic, Thiago Silva, Kai Havertz, Ben White, Thomas Partey, Kai Havertz, Thiago Silva, Mateo Kovavic, Reece James, Mason Mount, Mateo Kovavic, Reece James, Bakary Saka, Gabriel Jesus, Rob Holding, Kai Havertz, Thiago Silva, Mason Mount, Reece James, Mateo Kovavic, Mason Mount, Thomas Partey, Ben White, Rob Holding, Bakary Saka, Ben White, Rob Holding, Mateo Kovavic, Kai Havertz, Ben White, Mason Mount, Thiago Silva, Reece James, Mason Mount, Mateo Kovavic, Thiago Silva, Mason Mount, Kai Havertz, Mason Mount, Reece James, Mason Mount, Thiago Silva, Ben White, Thomas Partey, Ben White, Reece James, Mason Mount, Reece James, Kai Havertz, Thiago Silva]
]]></system-out>
  <system-err><![CDATA[]]></system-err>
</testsuite>
