<?xml version="1.0" encoding="UTF-8"?>
<testsuite name="GamesTest" tests="2" skipped="0" failures="0" errors="0" timestamp="2022-10-07T11:25:11" hostname="LUK-5CG01160SZ" time="0.034">
  <properties/>
  <testcase name="toStringGameDataCreateNewGameReturnString()" classname="GamesTest" time="0.033"/>
  <testcase name="getMatchDataNoInputReturnsMapOfGameData()" classname="GamesTest" time="0.001"/>
  <system-out><![CDATA[]]></system-out>
  <system-err><![CDATA[]]></system-err>
</testsuite>
