<?xml version="1.0" encoding="UTF-8"?>
<testsuite name="TeamTest" tests="4" skipped="0" failures="0" errors="0" timestamp="2022-10-07T11:25:11" hostname="LUK-5CG01160SZ" time="0.003">
  <properties/>
  <testcase name="GivenATeam_CreateAnotherPlayer_FindPlayerInList()" classname="TeamTest" time="0.0"/>
  <testcase name="GivenATeam_WhenStringsAreProvided_createATeam()" classname="TeamTest" time="0.001"/>
  <testcase name="GivenATeam_WhenThereIsAPlayer_FindPlayerInList()" classname="TeamTest" time="0.0"/>
  <testcase name="GivenATeam_CreateAPlayer_WhenGivenAListOfPlayers()" classname="TeamTest" time="0.0"/>
  <system-out><![CDATA[]]></system-out>
  <system-err><![CDATA[]]></system-err>
</testsuite>
