<?xml version="1.0" encoding="UTF-8"?>
<testsuite name="GamePlayTest" tests="1" skipped="0" failures="1" errors="0" timestamp="2022-10-19T14:38:47" hostname="LUK-5CG01160SZ" time="0.053">
  <properties/>
  <testcase name="GivenTeams_AGameIsGenerated_AndSavedInTheGameLog()" classname="GamePlayTest" time="0.053">
    <failure message="org.opentest4j.AssertionFailedError: expected: &lt;8&gt; but was: &lt;239&gt;" type="org.opentest4j.AssertionFailedError">org.opentest4j.AssertionFailedError: expected: &lt;8&gt; but was: &lt;239&gt;
	at app//org.junit.jupiter.api.AssertionFailureBuilder.build(AssertionFailureBuilder.java:151)
	at app//org.junit.jupiter.api.AssertionFailureBuilder.buildAndThrow(AssertionFailureBuilder.java:132)
	at app//org.junit.jupiter.api.AssertEquals.failNotEqual(AssertEquals.java:197)
	at app//org.junit.jupiter.api.AssertEquals.assertEquals(AssertEquals.java:150)
	at app//org.junit.jupiter.api.AssertEquals.assertEquals(AssertEquals.java:145)
	at app//org.junit.jupiter.api.Assertions.assertEquals(Assertions.java:527)
	at app//GamePlayTest.GivenTeams_AGameIsGenerated_AndSavedInTheGameLog(GamePlayTest.java:56)
	at java.base@11.0.12/jdk.internal.reflect.NativeMethodAccessorImpl.invoke0(Native Method)
	at java.base@11.0.12/jdk.internal.reflect.NativeMethodAccessorImpl.invoke(NativeMethodAccessorImpl.java:62)
	at java.base@11.0.12/jdk.internal.reflect.DelegatingMethodAccessorImpl.invoke(DelegatingMethodAccessorImpl.java:43)
	at java.base@11.0.12/java.lang.reflect.Method.invoke(Method.java:566)
	at app//org.junit.platform.commons.util.ReflectionUtils.invokeMethod(ReflectionUtils.java:727)
	at app//org.junit.jupiter.engine.execution.MethodInvocation.proceed(MethodInvocation.java:60)
	at app//org.junit.jupiter.engine.execution.InvocationInterceptorChain$ValidatingInvocation.proceed(InvocationInterceptorChain.java:131)
	at app//org.junit.jupiter.engine.extension.TimeoutExtension.intercept(TimeoutExtension.java:156)
	at app//org.junit.jupiter.engine.extension.TimeoutExtension.interceptTestableMethod(TimeoutExtension.java:147)
	at app//org.junit.jupiter.engine.extension.TimeoutExtension.interceptTestMethod(TimeoutExtension.java:86)
	at app//org.junit.jupiter.engine.execution.InterceptingExecutableInvoker$ReflectiveInterceptorCall.lambda$ofVoidMethod$0(InterceptingExecutableInvoker.java:103)
	at app//org.junit.jupiter.engine.execution.InterceptingExecutableInvoker.lambda$invoke$0(InterceptingExecutableInvoker.java:93)
	at app//org.junit.jupiter.engine.execution.InvocationInterceptorChain$InterceptedInvocation.proceed(InvocationInterceptorChain.java:106)
	at app//org.junit.jupiter.engine.execution.InvocationInterceptorChain.proceed(InvocationInterceptorChain.java:64)
	at app//org.junit.jupiter.engine.execution.InvocationInterceptorChain.chainAndInvoke(InvocationInterceptorChain.java:45)
	at app//org.junit.jupiter.engine.execution.InvocationInterceptorChain.invoke(InvocationInterceptorChain.java:37)
	at app//org.junit.jupiter.engine.execution.InterceptingExecutableInvoker.invoke(InterceptingExecutableInvoker.java:92)
	at app//org.junit.jupiter.engine.execution.InterceptingExecutableInvoker.invoke(InterceptingExecutableInvoker.java:86)
	at app//org.junit.jupiter.engine.descriptor.TestMethodTestDescriptor.lambda$invokeTestMethod$7(TestMethodTestDescriptor.java:217)
	at app//org.junit.platform.engine.support.hierarchical.ThrowableCollector.execute(ThrowableCollector.java:73)
	at app//org.junit.jupiter.engine.descriptor.TestMethodTestDescriptor.invokeTestMethod(TestMethodTestDescriptor.java:213)
	at app//org.junit.jupiter.engine.descriptor.TestMethodTestDescriptor.execute(TestMethodTestDescriptor.java:138)
	at app//org.junit.jupiter.engine.descriptor.TestMethodTestDescriptor.execute(TestMethodTestDescriptor.java:68)
	at app//org.junit.platform.engine.support.hierarchical.NodeTestTask.lambda$executeRecursively$6(NodeTestTask.java:151)
	at app//org.junit.platform.engine.support.hierarchical.ThrowableCollector.execute(ThrowableCollector.java:73)
	at app//org.junit.platform.engine.support.hierarchical.NodeTestTask.lambda$executeRecursively$8(NodeTestTask.java:141)
	at app//org.junit.platform.engine.support.hierarchical.Node.around(Node.java:137)
	at app//org.junit.platform.engine.support.hierarchical.NodeTestTask.lambda$executeRecursively$9(NodeTestTask.java:139)
	at app//org.junit.platform.engine.support.hierarchical.ThrowableCollector.execute(ThrowableCollector.java:73)
	at app//org.junit.platform.engine.support.hierarchical.NodeTestTask.executeRecursively(NodeTestTask.java:138)
	at app//org.junit.platform.engine.support.hierarchical.NodeTestTask.execute(NodeTestTask.java:95)
	at java.base@11.0.12/java.util.ArrayList.forEach(ArrayList.java:1541)
	at app//org.junit.platform.engine.support.hierarchical.SameThreadHierarchicalTestExecutorService.invokeAll(SameThreadHierarchicalTestExecutorService.java:41)
	at app//org.junit.platform.engine.support.hierarchical.NodeTestTask.lambda$executeRecursively$6(NodeTestTask.java:155)
	at app//org.junit.platform.engine.support.hierarchical.ThrowableCollector.execute(ThrowableCollector.java:73)
	at app//org.junit.platform.engine.support.hierarchical.NodeTestTask.lambda$executeRecursively$8(NodeTestTask.java:141)
	at app//org.junit.platform.engine.support.hierarchical.Node.around(Node.java:137)
	at app//org.junit.platform.engine.support.hierarchical.NodeTestTask.lambda$executeRecursively$9(NodeTestTask.java:139)
	at app//org.junit.platform.engine.support.hierarchical.ThrowableCollector.execute(ThrowableCollector.java:73)
	at app//org.junit.platform.engine.support.hierarchical.NodeTestTask.executeRecursively(NodeTestTask.java:138)
	at app//org.junit.platform.engine.support.hierarchical.NodeTestTask.execute(NodeTestTask.java:95)
	at java.base@11.0.12/java.util.ArrayList.forEach(ArrayList.java:1541)
	at app//org.junit.platform.engine.support.hierarchical.SameThreadHierarchicalTestExecutorService.invokeAll(SameThreadHierarchicalTestExecutorService.java:41)
	at app//org.junit.platform.engine.support.hierarchical.NodeTestTask.lambda$executeRecursively$6(NodeTestTask.java:155)
	at app//org.junit.platform.engine.support.hierarchical.ThrowableCollector.execute(ThrowableCollector.java:73)
	at app//org.junit.platform.engine.support.hierarchical.NodeTestTask.lambda$executeRecursively$8(NodeTestTask.java:141)
	at app//org.junit.platform.engine.support.hierarchical.Node.around(Node.java:137)
	at app//org.junit.platform.engine.support.hierarchical.NodeTestTask.lambda$executeRecursively$9(NodeTestTask.java:139)
	at app//org.junit.platform.engine.support.hierarchical.ThrowableCollector.execute(ThrowableCollector.java:73)
	at app//org.junit.platform.engine.support.hierarchical.NodeTestTask.executeRecursively(NodeTestTask.java:138)
	at app//org.junit.platform.engine.support.hierarchical.NodeTestTask.execute(NodeTestTask.java:95)
	at app//org.junit.platform.engine.support.hierarchical.SameThreadHierarchicalTestExecutorService.submit(SameThreadHierarchicalTestExecutorService.java:35)
	at app//org.junit.platform.engine.support.hierarchical.HierarchicalTestExecutor.execute(HierarchicalTestExecutor.java:57)
	at app//org.junit.platform.engine.support.hierarchical.HierarchicalTestEngine.execute(HierarchicalTestEngine.java:54)
	at org.junit.platform.launcher.core.EngineExecutionOrchestrator.execute(EngineExecutionOrchestrator.java:108)
	at org.junit.platform.launcher.core.EngineExecutionOrchestrator.execute(EngineExecutionOrchestrator.java:88)
	at org.junit.platform.launcher.core.EngineExecutionOrchestrator.lambda$execute$0(EngineExecutionOrchestrator.java:54)
	at org.junit.platform.launcher.core.EngineExecutionOrchestrator.withInterceptedStreams(EngineExecutionOrchestrator.java:67)
	at org.junit.platform.launcher.core.EngineExecutionOrchestrator.execute(EngineExecutionOrchestrator.java:52)
	at org.junit.platform.launcher.core.DefaultLauncher.execute(DefaultLauncher.java:96)
	at org.junit.platform.launcher.core.DefaultLauncher.execute(DefaultLauncher.java:75)
	at org.gradle.api.internal.tasks.testing.junitplatform.JUnitPlatformTestClassProcessor$CollectAllTestClassesExecutor.processAllTestClasses(JUnitPlatformTestClassProcessor.java:99)
	at org.gradle.api.internal.tasks.testing.junitplatform.JUnitPlatformTestClassProcessor$CollectAllTestClassesExecutor.access$000(JUnitPlatformTestClassProcessor.java:79)
	at org.gradle.api.internal.tasks.testing.junitplatform.JUnitPlatformTestClassProcessor.stop(JUnitPlatformTestClassProcessor.java:75)
	at org.gradle.api.internal.tasks.testing.SuiteTestClassProcessor.stop(SuiteTestClassProcessor.java:61)
	at java.base@11.0.12/jdk.internal.reflect.NativeMethodAccessorImpl.invoke0(Native Method)
	at java.base@11.0.12/jdk.internal.reflect.NativeMethodAccessorImpl.invoke(NativeMethodAccessorImpl.java:62)
	at java.base@11.0.12/jdk.internal.reflect.DelegatingMethodAccessorImpl.invoke(DelegatingMethodAccessorImpl.java:43)
	at java.base@11.0.12/java.lang.reflect.Method.invoke(Method.java:566)
	at org.gradle.internal.dispatch.ReflectionDispatch.dispatch(ReflectionDispatch.java:36)
	at org.gradle.internal.dispatch.ReflectionDispatch.dispatch(ReflectionDispatch.java:24)
	at org.gradle.internal.dispatch.ContextClassLoaderDispatch.dispatch(ContextClassLoaderDispatch.java:33)
	at org.gradle.internal.dispatch.ProxyDispatchAdapter$DispatchingInvocationHandler.invoke(ProxyDispatchAdapter.java:94)
	at com.sun.proxy.$Proxy2.stop(Unknown Source)
	at org.gradle.api.internal.tasks.testing.worker.TestWorker$3.run(TestWorker.java:193)
	at org.gradle.api.internal.tasks.testing.worker.TestWorker.executeAndMaintainThreadName(TestWorker.java:129)
	at org.gradle.api.internal.tasks.testing.worker.TestWorker.execute(TestWorker.java:100)
	at org.gradle.api.internal.tasks.testing.worker.TestWorker.execute(TestWorker.java:60)
	at org.gradle.process.internal.worker.child.ActionExecutionWorker.execute(ActionExecutionWorker.java:56)
	at org.gradle.process.internal.worker.child.SystemApplicationClassLoaderWorker.call(SystemApplicationClassLoaderWorker.java:133)
	at org.gradle.process.internal.worker.child.SystemApplicationClassLoaderWorker.call(SystemApplicationClassLoaderWorker.java:71)
	at app//worker.org.gradle.process.internal.worker.GradleWorkerMain.run(GradleWorkerMain.java:69)
	at app//worker.org.gradle.process.internal.worker.GradleWorkerMain.main(GradleWorkerMain.java:74)
</failure>
  </testcase>
  <system-out><![CDATA[[Chelsea, Reece James, Pass, Mateo Kovavic, Pass, Mason Mount, Long Pass, Mateo Kovavic, Backwards Pass, Thiago Silva, Dribble, Backwards Pass, Kai Havertz, Long Pass, Reece James, Pass, Mateo Kovavic, Interception, Ben White, Backwards Pass, Gabriel Jesus, Hit Woodwork, Rob Holding, Backwards Pass, Ben White, Backwards Pass, Thomas Partey, On Target, Rob Holding, Pass, Bakary Saka, Pass, Rob Holding, Long Pass, Ben White, Pass, Bakary Saka, Pass, Rob Holding, Long Pass, Ben White, Pass, Rob Holding, Dribble, Through Ball, Gabriel Jesus, Hit Woodwork, Ben White, Interception, Mason Mount, Offside, Kai Havertz, Pass, Mateo Kovavic, Shot, GOAL!!, Goal from Outside Box, Kick Off, Rob Holding, Pass, Gabriel Jesus, Dribble, Dribble, Backwards Pass, Bakary Saka, Hit Woodwork, Gabriel Jesus, Dribble, Pass, Rob Holding, Interception, Mateo Kovavic, Off Target, Thiago Silva, Pass, Mason Mount, Pass, Kai Havertz, Pass, Mason Mount, Backwards Pass, Kai Havertz, Backwards Pass, Mateo Kovavic, Backwards Pass, Kai Havertz, Dribble, Pass, Thiago Silva, Long Pass, Mateo Kovavic, Backwards Pass, Thiago Silva, Foul, Ben White, Mason Mount, Pass, Thiago Silva, Foul, Bakary Saka, Kai Havertz, Pass, Mason Mount, Shot, GOAL!!, Goal from Inside Box, Kick Off, Thomas Partey, Pass, Rob Holding, Dribble, Pass, Thomas Partey, Shot, GOAL!!, Goal from Outside Box, Kick Off, Mateo Kovavic, Pass, Reece James, Backwards Pass, Mateo Kovavic, Hit Woodwork, Mason Mount, Dribble, Long Pass, Thiago Silva, Dribble, Backwards Pass, Mateo Kovavic, Pass, Reece James, Dribble, Dribble, Backwards Pass, Mason Mount, Shot, Save, Backwards Pass, Gabriel Jesus, Hit Woodwork, Thomas Partey, Tackle, Reece James, Long Pass, Kai Havertz, Off Target, Mason Mount, Yellow, Ben White, Mateo Kovavic, Pass, Mason Mount, Shot, Deflected, Out, Corner, Thiago Silva, Pass, Reece James, Pass, Mateo Kovavic, Backwards Pass, Reece James, Long Pass, Mateo Kovavic, Tackle, Gabriel Jesus, Dribble, Long Pass, Bakary Saka, Long Pass, Ben White, Tackle, Mateo Kovavic, Dribble, Dribble, Long Pass, Thiago Silva, Foul, Gabriel Jesus, Reece James, Pass, Thiago Silva, Backwards Pass, Mason Mount, Pass, Mateo Kovavic, Off Target, Mason Mount, Foul, Bakary Saka, Mason Mount, Pass, Reece James, Long Pass, Mateo Kovavic, Long Pass, Thiago Silva, Dribble, Backwards Pass, Mateo Kovavic, Interception, Gabriel Jesus, Dribble, Pass, Thomas Partey, Backwards Pass, Rob Holding, Pass, Thomas Partey, Interception, Thiago Silva, Pass, Mateo Kovavic, Dribble, Backwards Pass, Thiago Silva, Dribble, Dribble, Long Pass, Mateo Kovavic, Pass, Mason Mount, Dribble, Dribble, Long Pass, Mateo Kovavic, Dribble, Long Pass, Mason Mount, Pass, Kai Havertz, Pass, Thiago Silva, Backwards Pass, Kai Havertz, Hit Woodwork, Mateo Kovavic]
{Mason Mount=15, Kai Havertz=9, Through Ball=1, Thomas Partey=6, Backwards Pass=20, Bakary Saka=6, Offside=1, Goal from Outside Box=2, Dribble=22, GOAL!!=3, Corner=1, Pass=33, Rob Holding=9, Chelsea=1, Reece James=9, Interception=5, Kick Off=3, Thiago Silva=13, Foul=4, Mateo Kovavic=21, Deflected=1, Ben White=8, Goal from Inside Box=1, Out=1, Gabriel Jesus=8, Off Target=3, Tackle=3, Yellow=1, On Target=1, Long Pass=16, Save=1, Shot=5, Hit Woodwork=6}
Goal{playerName='Mateo Kovavic', timeScored=20.0}
Goal{playerName='Mason Mount', timeScored=39.0}
Goal{playerName='Thomas Partey', timeScored=42.0}
Card{PlayerName='Ben White'cardType='Yellow'time='55.0'}
]]></system-out>
  <system-err><![CDATA[]]></system-err>
</testsuite>
