<?xml version="1.0" encoding="UTF-8"?>
<testsuite name="StatsTest" tests="1" skipped="0" failures="0" errors="0" timestamp="2022-10-05T13:53:00" hostname="LUK-5CG01160SZ" time="0.0">
  <properties/>
  <testcase name="settingUpGoals()" classname="StatsTest" time="0.0"/>
  <system-out><![CDATA[]]></system-out>
  <system-err><![CDATA[]]></system-err>
</testsuite>
