<?xml version="1.0" encoding="UTF-8"?>
<testsuite name="LeagueTest" tests="5" skipped="0" failures="0" errors="0" timestamp="2022-10-05T13:53:00" hostname="LUK-5CG01160SZ" time="0.013">
  <properties/>
  <testcase name="createGamesInputClubsArrayReturn2Teams2Matches()" classname="LeagueTest" time="0.002"/>
  <testcase name="createGamesInput3ClubsArrayReturn3Teams6Matches()" classname="LeagueTest" time="0.0"/>
  <testcase name="createGamesInput20ClubsReturn380Matches()" classname="LeagueTest" time="0.003"/>
  <testcase name="toStringLeagueNameStringCountryStringNewLeagueCreatedReturnString()" classname="LeagueTest" time="0.006"/>
  <testcase name="createResults2ClubsReturnPointsFromGame()" classname="LeagueTest" time="0.001"/>
  <system-out><![CDATA[]]></system-out>
  <system-err><![CDATA[]]></system-err>
</testsuite>
