<?xml version="1.0" encoding="UTF-8"?>
<testsuite name="GamePlayTest" tests="1" skipped="0" failures="1" errors="0" timestamp="2022-10-17T15:29:06" hostname="LUK-5CG01160SZ" time="0.052">
  <properties/>
  <testcase name="GivenTeams_AGameIsGenerated_AndSavedInTheGameLog()" classname="GamePlayTest" time="0.052">
    <failure message="org.opentest4j.AssertionFailedError: expected: &lt;8&gt; but was: &lt;219&gt;" type="org.opentest4j.AssertionFailedError">org.opentest4j.AssertionFailedError: expected: &lt;8&gt; but was: &lt;219&gt;
	at app//org.junit.jupiter.api.AssertionFailureBuilder.build(AssertionFailureBuilder.java:151)
	at app//org.junit.jupiter.api.AssertionFailureBuilder.buildAndThrow(AssertionFailureBuilder.java:132)
	at app//org.junit.jupiter.api.AssertEquals.failNotEqual(AssertEquals.java:197)
	at app//org.junit.jupiter.api.AssertEquals.assertEquals(AssertEquals.java:150)
	at app//org.junit.jupiter.api.AssertEquals.assertEquals(AssertEquals.java:145)
	at app//org.junit.jupiter.api.Assertions.assertEquals(Assertions.java:527)
	at app//GamePlayTest.GivenTeams_AGameIsGenerated_AndSavedInTheGameLog(GamePlayTest.java:56)
	at java.base@11.0.12/jdk.internal.reflect.NativeMethodAccessorImpl.invoke0(Native Method)
	at java.base@11.0.12/jdk.internal.reflect.NativeMethodAccessorImpl.invoke(NativeMethodAccessorImpl.java:62)
	at java.base@11.0.12/jdk.internal.reflect.DelegatingMethodAccessorImpl.invoke(DelegatingMethodAccessorImpl.java:43)
	at java.base@11.0.12/java.lang.reflect.Method.invoke(Method.java:566)
	at app//org.junit.platform.commons.util.ReflectionUtils.invokeMethod(ReflectionUtils.java:727)
	at app//org.junit.jupiter.engine.execution.MethodInvocation.proceed(MethodInvocation.java:60)
	at app//org.junit.jupiter.engine.execution.InvocationInterceptorChain$ValidatingInvocation.proceed(InvocationInterceptorChain.java:131)
	at app//org.junit.jupiter.engine.extension.TimeoutExtension.intercept(TimeoutExtension.java:156)
	at app//org.junit.jupiter.engine.extension.TimeoutExtension.interceptTestableMethod(TimeoutExtension.java:147)
	at app//org.junit.jupiter.engine.extension.TimeoutExtension.interceptTestMethod(TimeoutExtension.java:86)
	at app//org.junit.jupiter.engine.execution.InterceptingExecutableInvoker$ReflectiveInterceptorCall.lambda$ofVoidMethod$0(InterceptingExecutableInvoker.java:103)
	at app//org.junit.jupiter.engine.execution.InterceptingExecutableInvoker.lambda$invoke$0(InterceptingExecutableInvoker.java:93)
	at app//org.junit.jupiter.engine.execution.InvocationInterceptorChain$InterceptedInvocation.proceed(InvocationInterceptorChain.java:106)
	at app//org.junit.jupiter.engine.execution.InvocationInterceptorChain.proceed(InvocationInterceptorChain.java:64)
	at app//org.junit.jupiter.engine.execution.InvocationInterceptorChain.chainAndInvoke(InvocationInterceptorChain.java:45)
	at app//org.junit.jupiter.engine.execution.InvocationInterceptorChain.invoke(InvocationInterceptorChain.java:37)
	at app//org.junit.jupiter.engine.execution.InterceptingExecutableInvoker.invoke(InterceptingExecutableInvoker.java:92)
	at app//org.junit.jupiter.engine.execution.InterceptingExecutableInvoker.invoke(InterceptingExecutableInvoker.java:86)
	at app//org.junit.jupiter.engine.descriptor.TestMethodTestDescriptor.lambda$invokeTestMethod$7(TestMethodTestDescriptor.java:217)
	at app//org.junit.platform.engine.support.hierarchical.ThrowableCollector.execute(ThrowableCollector.java:73)
	at app//org.junit.jupiter.engine.descriptor.TestMethodTestDescriptor.invokeTestMethod(TestMethodTestDescriptor.java:213)
	at app//org.junit.jupiter.engine.descriptor.TestMethodTestDescriptor.execute(TestMethodTestDescriptor.java:138)
	at app//org.junit.jupiter.engine.descriptor.TestMethodTestDescriptor.execute(TestMethodTestDescriptor.java:68)
	at app//org.junit.platform.engine.support.hierarchical.NodeTestTask.lambda$executeRecursively$6(NodeTestTask.java:151)
	at app//org.junit.platform.engine.support.hierarchical.ThrowableCollector.execute(ThrowableCollector.java:73)
	at app//org.junit.platform.engine.support.hierarchical.NodeTestTask.lambda$executeRecursively$8(NodeTestTask.java:141)
	at app//org.junit.platform.engine.support.hierarchical.Node.around(Node.java:137)
	at app//org.junit.platform.engine.support.hierarchical.NodeTestTask.lambda$executeRecursively$9(NodeTestTask.java:139)
	at app//org.junit.platform.engine.support.hierarchical.ThrowableCollector.execute(ThrowableCollector.java:73)
	at app//org.junit.platform.engine.support.hierarchical.NodeTestTask.executeRecursively(NodeTestTask.java:138)
	at app//org.junit.platform.engine.support.hierarchical.NodeTestTask.execute(NodeTestTask.java:95)
	at java.base@11.0.12/java.util.ArrayList.forEach(ArrayList.java:1541)
	at app//org.junit.platform.engine.support.hierarchical.SameThreadHierarchicalTestExecutorService.invokeAll(SameThreadHierarchicalTestExecutorService.java:41)
	at app//org.junit.platform.engine.support.hierarchical.NodeTestTask.lambda$executeRecursively$6(NodeTestTask.java:155)
	at app//org.junit.platform.engine.support.hierarchical.ThrowableCollector.execute(ThrowableCollector.java:73)
	at app//org.junit.platform.engine.support.hierarchical.NodeTestTask.lambda$executeRecursively$8(NodeTestTask.java:141)
	at app//org.junit.platform.engine.support.hierarchical.Node.around(Node.java:137)
	at app//org.junit.platform.engine.support.hierarchical.NodeTestTask.lambda$executeRecursively$9(NodeTestTask.java:139)
	at app//org.junit.platform.engine.support.hierarchical.ThrowableCollector.execute(ThrowableCollector.java:73)
	at app//org.junit.platform.engine.support.hierarchical.NodeTestTask.executeRecursively(NodeTestTask.java:138)
	at app//org.junit.platform.engine.support.hierarchical.NodeTestTask.execute(NodeTestTask.java:95)
	at java.base@11.0.12/java.util.ArrayList.forEach(ArrayList.java:1541)
	at app//org.junit.platform.engine.support.hierarchical.SameThreadHierarchicalTestExecutorService.invokeAll(SameThreadHierarchicalTestExecutorService.java:41)
	at app//org.junit.platform.engine.support.hierarchical.NodeTestTask.lambda$executeRecursively$6(NodeTestTask.java:155)
	at app//org.junit.platform.engine.support.hierarchical.ThrowableCollector.execute(ThrowableCollector.java:73)
	at app//org.junit.platform.engine.support.hierarchical.NodeTestTask.lambda$executeRecursively$8(NodeTestTask.java:141)
	at app//org.junit.platform.engine.support.hierarchical.Node.around(Node.java:137)
	at app//org.junit.platform.engine.support.hierarchical.NodeTestTask.lambda$executeRecursively$9(NodeTestTask.java:139)
	at app//org.junit.platform.engine.support.hierarchical.ThrowableCollector.execute(ThrowableCollector.java:73)
	at app//org.junit.platform.engine.support.hierarchical.NodeTestTask.executeRecursively(NodeTestTask.java:138)
	at app//org.junit.platform.engine.support.hierarchical.NodeTestTask.execute(NodeTestTask.java:95)
	at app//org.junit.platform.engine.support.hierarchical.SameThreadHierarchicalTestExecutorService.submit(SameThreadHierarchicalTestExecutorService.java:35)
	at app//org.junit.platform.engine.support.hierarchical.HierarchicalTestExecutor.execute(HierarchicalTestExecutor.java:57)
	at app//org.junit.platform.engine.support.hierarchical.HierarchicalTestEngine.execute(HierarchicalTestEngine.java:54)
	at org.junit.platform.launcher.core.EngineExecutionOrchestrator.execute(EngineExecutionOrchestrator.java:108)
	at org.junit.platform.launcher.core.EngineExecutionOrchestrator.execute(EngineExecutionOrchestrator.java:88)
	at org.junit.platform.launcher.core.EngineExecutionOrchestrator.lambda$execute$0(EngineExecutionOrchestrator.java:54)
	at org.junit.platform.launcher.core.EngineExecutionOrchestrator.withInterceptedStreams(EngineExecutionOrchestrator.java:67)
	at org.junit.platform.launcher.core.EngineExecutionOrchestrator.execute(EngineExecutionOrchestrator.java:52)
	at org.junit.platform.launcher.core.DefaultLauncher.execute(DefaultLauncher.java:96)
	at org.junit.platform.launcher.core.DefaultLauncher.execute(DefaultLauncher.java:75)
	at org.gradle.api.internal.tasks.testing.junitplatform.JUnitPlatformTestClassProcessor$CollectAllTestClassesExecutor.processAllTestClasses(JUnitPlatformTestClassProcessor.java:99)
	at org.gradle.api.internal.tasks.testing.junitplatform.JUnitPlatformTestClassProcessor$CollectAllTestClassesExecutor.access$000(JUnitPlatformTestClassProcessor.java:79)
	at org.gradle.api.internal.tasks.testing.junitplatform.JUnitPlatformTestClassProcessor.stop(JUnitPlatformTestClassProcessor.java:75)
	at org.gradle.api.internal.tasks.testing.SuiteTestClassProcessor.stop(SuiteTestClassProcessor.java:61)
	at java.base@11.0.12/jdk.internal.reflect.NativeMethodAccessorImpl.invoke0(Native Method)
	at java.base@11.0.12/jdk.internal.reflect.NativeMethodAccessorImpl.invoke(NativeMethodAccessorImpl.java:62)
	at java.base@11.0.12/jdk.internal.reflect.DelegatingMethodAccessorImpl.invoke(DelegatingMethodAccessorImpl.java:43)
	at java.base@11.0.12/java.lang.reflect.Method.invoke(Method.java:566)
	at org.gradle.internal.dispatch.ReflectionDispatch.dispatch(ReflectionDispatch.java:36)
	at org.gradle.internal.dispatch.ReflectionDispatch.dispatch(ReflectionDispatch.java:24)
	at org.gradle.internal.dispatch.ContextClassLoaderDispatch.dispatch(ContextClassLoaderDispatch.java:33)
	at org.gradle.internal.dispatch.ProxyDispatchAdapter$DispatchingInvocationHandler.invoke(ProxyDispatchAdapter.java:94)
	at com.sun.proxy.$Proxy2.stop(Unknown Source)
	at org.gradle.api.internal.tasks.testing.worker.TestWorker$3.run(TestWorker.java:193)
	at org.gradle.api.internal.tasks.testing.worker.TestWorker.executeAndMaintainThreadName(TestWorker.java:129)
	at org.gradle.api.internal.tasks.testing.worker.TestWorker.execute(TestWorker.java:100)
	at org.gradle.api.internal.tasks.testing.worker.TestWorker.execute(TestWorker.java:60)
	at org.gradle.process.internal.worker.child.ActionExecutionWorker.execute(ActionExecutionWorker.java:56)
	at org.gradle.process.internal.worker.child.SystemApplicationClassLoaderWorker.call(SystemApplicationClassLoaderWorker.java:133)
	at org.gradle.process.internal.worker.child.SystemApplicationClassLoaderWorker.call(SystemApplicationClassLoaderWorker.java:71)
	at app//worker.org.gradle.process.internal.worker.GradleWorkerMain.run(GradleWorkerMain.java:69)
	at app//worker.org.gradle.process.internal.worker.GradleWorkerMain.main(GradleWorkerMain.java:74)
</failure>
  </testcase>
  <system-out><![CDATA[[Arsenal, Rob Holding, Pass, Thomas Partey, Yellow, Rob Holding, Foul, Bakary Saka, Reece James, Yellow, Kai Havertz, Shot, Deflected, Back in Play, Ben White, Backwards Pass, Thomas Partey, Hit Woodwork, Rob Holding, Foul, Thomas Partey, Red, Thiago Silva, Backwards Pass, Rob Holding, Backwards Pass, Thomas Partey, Dribble, Dribble, Pass, Rob Holding, Dribble, Long Pass, Bakary Saka, On Target, Rob Holding, Pass, Bakary Saka, Red, Ben White, Long Pass, Kai Havertz, Long Pass, Thiago Silva, Foul, Rob Holding, Reece James, Red, Mason Mount, Yellow, Rob Holding, Pass, Kai Havertz, Long Pass, Mateo Kovavic, Hit Woodwork, Reece James, Backwards Pass, Mateo Kovavic, Dribble, Backwards Pass, Thiago Silva, Dribble, Long Pass, Mateo Kovavic, On Target, Mason Mount, Backwards Pass, Kai Havertz, Hit Woodwork, Mateo Kovavic, Backwards Pass, Kai Havertz, Dribble, Backwards Pass, Mateo Kovavic, Dribble, Through Ball, Thiago Silva, Dribble, Pass, Kai Havertz, Pass, Mateo Kovavic, On Target, Kai Havertz, Foul, Thomas Partey, Thiago Silva, Long Pass, Kai Havertz, Off Target, Mason Mount, Pass, Kai Havertz, Pass, Thiago Silva, Pass, Kai Havertz, Pass, Reece James, Foul, Thomas Partey, Reece James, Dribble, Through Ball, Kai Havertz, Foul, Reece James, Foul, Mateo Kovavic, Thomas Partey, Backwards Pass, Rob Holding, Pass, Gabriel Jesus, Off Target, Ben White, Pass, Thomas Partey, Pass, Gabriel Jesus, Backwards Pass, Thomas Partey, On Target, Rob Holding, Dribble, Backwards Pass, Bakary Saka, Dribble, Pass, Gabriel Jesus, Red, Thomas Partey, Hit Woodwork, Mateo Kovavic, Pass, Kai Havertz, Long Pass, Mason Mount, Dribble, Dribble, Pass, Mateo Kovavic, Off Target, Mason Mount, Dribble, Dribble, Pass, Mateo Kovavic, Red, Kai Havertz, Foul, Mateo Kovavic, Thomas Partey, Dribble, Pass, Gabriel Jesus, Dribble, Pass, Thomas Partey, On Target, Gabriel Jesus, Dribble, Through Ball, Rob Holding, Pass, Bakary Saka, Red, Gabriel Jesus, Backwards Pass, Kai Havertz, Red, Mateo Kovavic, Pass, Bakary Saka, Long Pass, Ben White, Red, Bakary Saka, Pass, Kai Havertz, Yellow, Mateo Kovavic, Off Target, Thomas Partey, Red, Bakary Saka, Dribble, Through Ball, Mateo Kovavic, Foul, Rob Holding, Thiago Silva, Pass, Mateo Kovavic, Long Pass, Kai Havertz, Backwards Pass, Thiago Silva, Pass, Mateo Kovavic, Red, Mason Mount, Backwards Pass, Gabriel Jesus, Off Target, Ben White, Pass, Rob Holding, Dribble, Long Pass, Ben White, Pass, Rob Holding, Pass, Bakary Saka, Off Target, Ben White]
{Mason Mount=6, Kai Havertz=16, Through Ball=4, Thomas Partey=13, Backwards Pass=14, Bakary Saka=9, Dribble=20, Rob Holding=14, Pass=27, Arsenal=1, Reece James=6, Thiago Silva=8, Foul=9, Mateo Kovavic=16, Deflected=1, Ben White=7, Red=10, Back in Play=1, Off Target=6, Gabriel Jesus=7, Yellow=4, On Target=5, Long Pass=10, Shot=1, Hit Woodwork=4}
Card{PlayerName='Bakary Saka'cardType='Foul'time='2.0'}
Card{PlayerName='Thomas Partey'cardType='Foul'time='7.0'}
Card{PlayerName='Rob Holding'cardType='Foul'time='18.0'}
Card{PlayerName='Thomas Partey'cardType='Foul'time='35.0'}
Card{PlayerName='Thomas Partey'cardType='Foul'time='41.0'}
Card{PlayerName='Reece James'cardType='Foul'time='43.0'}
Card{PlayerName='Mateo Kovavic'cardType='Foul'time='44.0'}
Card{PlayerName='Mateo Kovavic'cardType='Foul'time='62.0'}
Card{PlayerName='Rob Holding'cardType='Foul'time='78.0'}
]]></system-out>
  <system-err><![CDATA[]]></system-err>
</testsuite>
