<?xml version="1.0" encoding="UTF-8"?>
<testsuite name="GamesTest" tests="2" skipped="0" failures="0" errors="0" timestamp="2022-10-05T13:53:00" hostname="LUK-5CG01160SZ" time="0.016">
  <properties/>
  <testcase name="toStringGameDataCreateNewGameReturnString()" classname="GamesTest" time="0.015"/>
  <testcase name="getMatchDataNoInputReturnsMapOfGameData()" classname="GamesTest" time="0.0"/>
  <system-out><![CDATA[]]></system-out>
  <system-err><![CDATA[]]></system-err>
</testsuite>
