<?xml version="1.0" encoding="UTF-8"?>
<testsuite name="GamePlayTest" tests="1" skipped="0" failures="1" errors="0" timestamp="2022-10-13T11:10:49" hostname="LUK-5CG01160SZ" time="0.034">
  <properties/>
  <testcase name="GivenTeams_AGameIsGenerated_AndSavedInTheGameLog()" classname="GamePlayTest" time="0.034">
    <failure message="org.opentest4j.AssertionFailedError: expected: &lt;8&gt; but was: &lt;202&gt;" type="org.opentest4j.AssertionFailedError">org.opentest4j.AssertionFailedError: expected: &lt;8&gt; but was: &lt;202&gt;
	at app//org.junit.jupiter.api.AssertionFailureBuilder.build(AssertionFailureBuilder.java:151)
	at app//org.junit.jupiter.api.AssertionFailureBuilder.buildAndThrow(AssertionFailureBuilder.java:132)
	at app//org.junit.jupiter.api.AssertEquals.failNotEqual(AssertEquals.java:197)
	at app//org.junit.jupiter.api.AssertEquals.assertEquals(AssertEquals.java:150)
	at app//org.junit.jupiter.api.AssertEquals.assertEquals(AssertEquals.java:145)
	at app//org.junit.jupiter.api.Assertions.assertEquals(Assertions.java:527)
	at app//GamePlayTest.GivenTeams_AGameIsGenerated_AndSavedInTheGameLog(GamePlayTest.java:56)
	at java.base@11.0.12/jdk.internal.reflect.NativeMethodAccessorImpl.invoke0(Native Method)
	at java.base@11.0.12/jdk.internal.reflect.NativeMethodAccessorImpl.invoke(NativeMethodAccessorImpl.java:62)
	at java.base@11.0.12/jdk.internal.reflect.DelegatingMethodAccessorImpl.invoke(DelegatingMethodAccessorImpl.java:43)
	at java.base@11.0.12/java.lang.reflect.Method.invoke(Method.java:566)
	at app//org.junit.platform.commons.util.ReflectionUtils.invokeMethod(ReflectionUtils.java:727)
	at app//org.junit.jupiter.engine.execution.MethodInvocation.proceed(MethodInvocation.java:60)
	at app//org.junit.jupiter.engine.execution.InvocationInterceptorChain$ValidatingInvocation.proceed(InvocationInterceptorChain.java:131)
	at app//org.junit.jupiter.engine.extension.TimeoutExtension.intercept(TimeoutExtension.java:156)
	at app//org.junit.jupiter.engine.extension.TimeoutExtension.interceptTestableMethod(TimeoutExtension.java:147)
	at app//org.junit.jupiter.engine.extension.TimeoutExtension.interceptTestMethod(TimeoutExtension.java:86)
	at app//org.junit.jupiter.engine.execution.InterceptingExecutableInvoker$ReflectiveInterceptorCall.lambda$ofVoidMethod$0(InterceptingExecutableInvoker.java:103)
	at app//org.junit.jupiter.engine.execution.InterceptingExecutableInvoker.lambda$invoke$0(InterceptingExecutableInvoker.java:93)
	at app//org.junit.jupiter.engine.execution.InvocationInterceptorChain$InterceptedInvocation.proceed(InvocationInterceptorChain.java:106)
	at app//org.junit.jupiter.engine.execution.InvocationInterceptorChain.proceed(InvocationInterceptorChain.java:64)
	at app//org.junit.jupiter.engine.execution.InvocationInterceptorChain.chainAndInvoke(InvocationInterceptorChain.java:45)
	at app//org.junit.jupiter.engine.execution.InvocationInterceptorChain.invoke(InvocationInterceptorChain.java:37)
	at app//org.junit.jupiter.engine.execution.InterceptingExecutableInvoker.invoke(InterceptingExecutableInvoker.java:92)
	at app//org.junit.jupiter.engine.execution.InterceptingExecutableInvoker.invoke(InterceptingExecutableInvoker.java:86)
	at app//org.junit.jupiter.engine.descriptor.TestMethodTestDescriptor.lambda$invokeTestMethod$7(TestMethodTestDescriptor.java:217)
	at app//org.junit.platform.engine.support.hierarchical.ThrowableCollector.execute(ThrowableCollector.java:73)
	at app//org.junit.jupiter.engine.descriptor.TestMethodTestDescriptor.invokeTestMethod(TestMethodTestDescriptor.java:213)
	at app//org.junit.jupiter.engine.descriptor.TestMethodTestDescriptor.execute(TestMethodTestDescriptor.java:138)
	at app//org.junit.jupiter.engine.descriptor.TestMethodTestDescriptor.execute(TestMethodTestDescriptor.java:68)
	at app//org.junit.platform.engine.support.hierarchical.NodeTestTask.lambda$executeRecursively$6(NodeTestTask.java:151)
	at app//org.junit.platform.engine.support.hierarchical.ThrowableCollector.execute(ThrowableCollector.java:73)
	at app//org.junit.platform.engine.support.hierarchical.NodeTestTask.lambda$executeRecursively$8(NodeTestTask.java:141)
	at app//org.junit.platform.engine.support.hierarchical.Node.around(Node.java:137)
	at app//org.junit.platform.engine.support.hierarchical.NodeTestTask.lambda$executeRecursively$9(NodeTestTask.java:139)
	at app//org.junit.platform.engine.support.hierarchical.ThrowableCollector.execute(ThrowableCollector.java:73)
	at app//org.junit.platform.engine.support.hierarchical.NodeTestTask.executeRecursively(NodeTestTask.java:138)
	at app//org.junit.platform.engine.support.hierarchical.NodeTestTask.execute(NodeTestTask.java:95)
	at java.base@11.0.12/java.util.ArrayList.forEach(ArrayList.java:1541)
	at app//org.junit.platform.engine.support.hierarchical.SameThreadHierarchicalTestExecutorService.invokeAll(SameThreadHierarchicalTestExecutorService.java:41)
	at app//org.junit.platform.engine.support.hierarchical.NodeTestTask.lambda$executeRecursively$6(NodeTestTask.java:155)
	at app//org.junit.platform.engine.support.hierarchical.ThrowableCollector.execute(ThrowableCollector.java:73)
	at app//org.junit.platform.engine.support.hierarchical.NodeTestTask.lambda$executeRecursively$8(NodeTestTask.java:141)
	at app//org.junit.platform.engine.support.hierarchical.Node.around(Node.java:137)
	at app//org.junit.platform.engine.support.hierarchical.NodeTestTask.lambda$executeRecursively$9(NodeTestTask.java:139)
	at app//org.junit.platform.engine.support.hierarchical.ThrowableCollector.execute(ThrowableCollector.java:73)
	at app//org.junit.platform.engine.support.hierarchical.NodeTestTask.executeRecursively(NodeTestTask.java:138)
	at app//org.junit.platform.engine.support.hierarchical.NodeTestTask.execute(NodeTestTask.java:95)
	at java.base@11.0.12/java.util.ArrayList.forEach(ArrayList.java:1541)
	at app//org.junit.platform.engine.support.hierarchical.SameThreadHierarchicalTestExecutorService.invokeAll(SameThreadHierarchicalTestExecutorService.java:41)
	at app//org.junit.platform.engine.support.hierarchical.NodeTestTask.lambda$executeRecursively$6(NodeTestTask.java:155)
	at app//org.junit.platform.engine.support.hierarchical.ThrowableCollector.execute(ThrowableCollector.java:73)
	at app//org.junit.platform.engine.support.hierarchical.NodeTestTask.lambda$executeRecursively$8(NodeTestTask.java:141)
	at app//org.junit.platform.engine.support.hierarchical.Node.around(Node.java:137)
	at app//org.junit.platform.engine.support.hierarchical.NodeTestTask.lambda$executeRecursively$9(NodeTestTask.java:139)
	at app//org.junit.platform.engine.support.hierarchical.ThrowableCollector.execute(ThrowableCollector.java:73)
	at app//org.junit.platform.engine.support.hierarchical.NodeTestTask.executeRecursively(NodeTestTask.java:138)
	at app//org.junit.platform.engine.support.hierarchical.NodeTestTask.execute(NodeTestTask.java:95)
	at app//org.junit.platform.engine.support.hierarchical.SameThreadHierarchicalTestExecutorService.submit(SameThreadHierarchicalTestExecutorService.java:35)
	at app//org.junit.platform.engine.support.hierarchical.HierarchicalTestExecutor.execute(HierarchicalTestExecutor.java:57)
	at app//org.junit.platform.engine.support.hierarchical.HierarchicalTestEngine.execute(HierarchicalTestEngine.java:54)
	at org.junit.platform.launcher.core.EngineExecutionOrchestrator.execute(EngineExecutionOrchestrator.java:108)
	at org.junit.platform.launcher.core.EngineExecutionOrchestrator.execute(EngineExecutionOrchestrator.java:88)
	at org.junit.platform.launcher.core.EngineExecutionOrchestrator.lambda$execute$0(EngineExecutionOrchestrator.java:54)
	at org.junit.platform.launcher.core.EngineExecutionOrchestrator.withInterceptedStreams(EngineExecutionOrchestrator.java:67)
	at org.junit.platform.launcher.core.EngineExecutionOrchestrator.execute(EngineExecutionOrchestrator.java:52)
	at org.junit.platform.launcher.core.DefaultLauncher.execute(DefaultLauncher.java:96)
	at org.junit.platform.launcher.core.DefaultLauncher.execute(DefaultLauncher.java:75)
	at org.gradle.api.internal.tasks.testing.junitplatform.JUnitPlatformTestClassProcessor$CollectAllTestClassesExecutor.processAllTestClasses(JUnitPlatformTestClassProcessor.java:99)
	at org.gradle.api.internal.tasks.testing.junitplatform.JUnitPlatformTestClassProcessor$CollectAllTestClassesExecutor.access$000(JUnitPlatformTestClassProcessor.java:79)
	at org.gradle.api.internal.tasks.testing.junitplatform.JUnitPlatformTestClassProcessor.stop(JUnitPlatformTestClassProcessor.java:75)
	at org.gradle.api.internal.tasks.testing.SuiteTestClassProcessor.stop(SuiteTestClassProcessor.java:61)
	at java.base@11.0.12/jdk.internal.reflect.NativeMethodAccessorImpl.invoke0(Native Method)
	at java.base@11.0.12/jdk.internal.reflect.NativeMethodAccessorImpl.invoke(NativeMethodAccessorImpl.java:62)
	at java.base@11.0.12/jdk.internal.reflect.DelegatingMethodAccessorImpl.invoke(DelegatingMethodAccessorImpl.java:43)
	at java.base@11.0.12/java.lang.reflect.Method.invoke(Method.java:566)
	at org.gradle.internal.dispatch.ReflectionDispatch.dispatch(ReflectionDispatch.java:36)
	at org.gradle.internal.dispatch.ReflectionDispatch.dispatch(ReflectionDispatch.java:24)
	at org.gradle.internal.dispatch.ContextClassLoaderDispatch.dispatch(ContextClassLoaderDispatch.java:33)
	at org.gradle.internal.dispatch.ProxyDispatchAdapter$DispatchingInvocationHandler.invoke(ProxyDispatchAdapter.java:94)
	at com.sun.proxy.$Proxy2.stop(Unknown Source)
	at org.gradle.api.internal.tasks.testing.worker.TestWorker$3.run(TestWorker.java:193)
	at org.gradle.api.internal.tasks.testing.worker.TestWorker.executeAndMaintainThreadName(TestWorker.java:129)
	at org.gradle.api.internal.tasks.testing.worker.TestWorker.execute(TestWorker.java:100)
	at org.gradle.api.internal.tasks.testing.worker.TestWorker.execute(TestWorker.java:60)
	at org.gradle.process.internal.worker.child.ActionExecutionWorker.execute(ActionExecutionWorker.java:56)
	at org.gradle.process.internal.worker.child.SystemApplicationClassLoaderWorker.call(SystemApplicationClassLoaderWorker.java:133)
	at org.gradle.process.internal.worker.child.SystemApplicationClassLoaderWorker.call(SystemApplicationClassLoaderWorker.java:71)
	at app//worker.org.gradle.process.internal.worker.GradleWorkerMain.run(GradleWorkerMain.java:69)
	at app//worker.org.gradle.process.internal.worker.GradleWorkerMain.main(GradleWorkerMain.java:74)
</failure>
  </testcase>
  <system-out><![CDATA[[Chelsea, Reece James, Pass, Mason Mount, Long Pass, Thiago Silva, Long Pass, Reece James, Long Pass, Kai Havertz, Dribble, Pass, Thiago Silva, Long Pass, Reece James, Tackle, Thomas Partey, Backwards Pass, Rob Holding, Pass, Ben White, Backwards Pass, Rob Holding, Dribble, Dribble, Through Ball, Ben White, Dribble, Through Ball, Bakary Saka, Shot, GOAL!!, Goal from Outside Box, Arsenal, Gabriel Jesus, Pass, Bakary Saka, Tackle, Mason Mount, Offside, Reece James, Dribble, Pass, Thiago Silva, Pass, Mason Mount, Off Target, Mateo Kovavic, Long Pass, Reece James, Dribble, Dribble, Through Ball, Thiago Silva, Interception, Ben White, Backwards Pass, Thomas Partey, Hit Woodwork, Bakary Saka, Long Pass, Gabriel Jesus, On Target, Ben White, Dribble, Long Pass, Bakary Saka, Backwards Pass, Rob Holding, Dribble, Through Ball, Gabriel Jesus, Offside, Rob Holding, Long Pass, Thomas Partey, Backwards Pass, Gabriel Jesus, Long Pass, Rob Holding, Pass, Bakary Saka, On Target, Ben White, Pass, Rob Holding, Tackle, Mason Mount, Offside, Mateo Kovavic, Pass, Thiago Silva, Pass, Mason Mount, Tackle, Thomas Partey, Off Target, Gabriel Jesus, Dribble, Pass, Rob Holding, Interception, Reece James, Pass, Mateo Kovavic, Long Pass, Mason Mount, Backwards Pass, Thiago Silva, Dribble, Backwards Pass, Reece James, Dribble, Pass, Kai Havertz, Hit Woodwork, Reece James, Pass, Mason Mount, Backwards Pass, Thiago Silva, Backwards Pass, Mateo Kovavic, Dribble, Pass, Thiago Silva, Interception, Thomas Partey, Dribble, Long Pass, Ben White, Pass, Gabriel Jesus, Shot, Deflected, Back in Play, Thomas Partey, Backwards Pass, Rob Holding, Long Pass, Ben White, Long Pass, Rob Holding, Dribble, Through Ball, Gabriel Jesus, Backwards Pass, Thomas Partey, Long Pass, Ben White, Long Pass, Thomas Partey, Backwards Pass, Bakary Saka, Backwards Pass, Ben White, Pass, Gabriel Jesus, Shot, Save, Pass, Thiago Silva, Long Pass, Kai Havertz, Long Pass, Mason Mount, Tackle, Gabriel Jesus, Dribble, Long Pass, Ben White, Interception, Mason Mount, Shot, Deflected, Out, Corner, Thiago Silva, Backwards Pass, Mason Mount, Interception, Bakary Saka, Tackle, Mateo Kovavic, Dribble, Long Pass, Reece James, Long Pass, Mateo Kovavic, Backwards Pass, Mason Mount, Dribble, Dribble, Through Ball, Kai Havertz, Offside, Mateo Kovavic, Backwards Pass, Mason Mount, Dribble, Long Pass, Mateo Kovavic]
Goals = 1
{Mason Mount=12, Kai Havertz=4, Through Ball=6, Thomas Partey=8, Backwards Pass=16, Bakary Saka=7, Offside=4, Goal from Outside Box=1, Dribble=20, GOAL!!=1, Corner=1, Pass=18, Rob Holding=9, Arsenal=1, Chelsea=1, Reece James=9, Interception=5, Thiago Silva=10, Mateo Kovavic=8, Deflected=2, Ben White=10, Out=1, Back in Play=1, Tackle=6, Gabriel Jesus=9, Off Target=2, On Target=2, Long Pass=21, Save=1, Shot=4, Hit Woodwork=2}
202
31
Bakary Saka
[Reece James, Mason Mount, Thiago Silva, Reece James, Kai Havertz, Thiago Silva, Reece James, Thomas Partey, Rob Holding, Ben White, Rob Holding, Ben White, Bakary Saka, Gabriel Jesus, Bakary Saka, Mason Mount, Reece James, Thiago Silva, Mason Mount, Mateo Kovavic, Reece James, Thiago Silva, Ben White, Thomas Partey, Bakary Saka, Gabriel Jesus, Ben White, Bakary Saka, Rob Holding, Gabriel Jesus, Rob Holding, Thomas Partey, Gabriel Jesus, Rob Holding, Bakary Saka, Ben White, Rob Holding, Mason Mount, Mateo Kovavic, Thiago Silva, Mason Mount, Thomas Partey, Gabriel Jesus, Rob Holding, Reece James, Mateo Kovavic, Mason Mount, Thiago Silva, Reece James, Kai Havertz, Reece James, Mason Mount, Thiago Silva, Mateo Kovavic, Thiago Silva, Thomas Partey, Ben White, Gabriel Jesus, Thomas Partey, Rob Holding, Ben White, Rob Holding, Gabriel Jesus, Thomas Partey, Ben White, Thomas Partey, Bakary Saka, Ben White, Gabriel Jesus, Thiago Silva, Kai Havertz, Mason Mount, Gabriel Jesus, Ben White, Mason Mount, Thiago Silva, Mason Mount, Bakary Saka, Mateo Kovavic, Reece James, Mateo Kovavic, Mason Mount, Kai Havertz, Mateo Kovavic, Mason Mount, Mateo Kovavic]
]]></system-out>
  <system-err><![CDATA[]]></system-err>
</testsuite>
