<?xml version="1.0" encoding="UTF-8"?>
<testsuite name="PlayersTest" tests="2" skipped="0" failures="0" errors="0" timestamp="2022-10-05T13:53:00" hostname="LUK-5CG01160SZ" time="0.007">
  <properties/>
  <testcase name="createNewPlayer_ChangeClubAndPositions()" classname="PlayersTest" time="0.006"/>
  <testcase name="createNewPlayer()" classname="PlayersTest" time="0.001"/>
  <system-out><![CDATA[]]></system-out>
  <system-err><![CDATA[]]></system-err>
</testsuite>
