<?xml version="1.0" encoding="UTF-8"?>
<testsuite name="ActionTest" tests="1" skipped="0" failures="0" errors="0" timestamp="2022-10-05T13:53:00" hostname="LUK-5CG01160SZ" time="0.018">
  <properties/>
  <testcase name="GivenTwoTeams_GetHomeTeamAndAwayTeam()" classname="ActionTest" time="0.018"/>
  <system-out><![CDATA[]]></system-out>
  <system-err><![CDATA[]]></system-err>
</testsuite>
