<?xml version="1.0" encoding="UTF-8"?>
<testsuite name="TeamTest" tests="4" skipped="0" failures="0" errors="0" timestamp="2022-10-05T13:53:00" hostname="LUK-5CG01160SZ" time="0.005">
  <properties/>
  <testcase name="GivenATeam_CreateAnotherPlayer_FindPlayerInList()" classname="TeamTest" time="0.001"/>
  <testcase name="GivenATeam_WhenStringsAreProvided_createATeam()" classname="TeamTest" time="0.001"/>
  <testcase name="GivenATeam_WhenThereIsAPlayer_FindPlayerInList()" classname="TeamTest" time="0.002"/>
  <testcase name="GivenATeam_CreateAPlayer_WhenGivenAListOfPlayers()" classname="TeamTest" time="0.001"/>
  <system-out><![CDATA[]]></system-out>
  <system-err><![CDATA[]]></system-err>
</testsuite>
