<?xml version="1.0" encoding="UTF-8"?>
<testsuite name="GamePlayTest" tests="1" skipped="0" failures="1" errors="0" timestamp="2022-11-14T11:39:11" hostname="LUK-5CG01160SZ" time="0.067">
  <properties/>
  <testcase name="GivenTeams_AGameIsGenerated_AndSavedInTheGameLog()" classname="GamePlayTest" time="0.067">
    <failure message="org.opentest4j.AssertionFailedError: expected: &lt;8&gt; but was: &lt;478&gt;" type="org.opentest4j.AssertionFailedError">org.opentest4j.AssertionFailedError: expected: &lt;8&gt; but was: &lt;478&gt;
	at app//org.junit.jupiter.api.AssertionFailureBuilder.build(AssertionFailureBuilder.java:151)
	at app//org.junit.jupiter.api.AssertionFailureBuilder.buildAndThrow(AssertionFailureBuilder.java:132)
	at app//org.junit.jupiter.api.AssertEquals.failNotEqual(AssertEquals.java:197)
	at app//org.junit.jupiter.api.AssertEquals.assertEquals(AssertEquals.java:150)
	at app//org.junit.jupiter.api.AssertEquals.assertEquals(AssertEquals.java:145)
	at app//org.junit.jupiter.api.Assertions.assertEquals(Assertions.java:527)
	at app//GamePlayTest.GivenTeams_AGameIsGenerated_AndSavedInTheGameLog(GamePlayTest.java:56)
	at java.base@11.0.12/jdk.internal.reflect.NativeMethodAccessorImpl.invoke0(Native Method)
	at java.base@11.0.12/jdk.internal.reflect.NativeMethodAccessorImpl.invoke(NativeMethodAccessorImpl.java:62)
	at java.base@11.0.12/jdk.internal.reflect.DelegatingMethodAccessorImpl.invoke(DelegatingMethodAccessorImpl.java:43)
	at java.base@11.0.12/java.lang.reflect.Method.invoke(Method.java:566)
	at app//org.junit.platform.commons.util.ReflectionUtils.invokeMethod(ReflectionUtils.java:727)
	at app//org.junit.jupiter.engine.execution.MethodInvocation.proceed(MethodInvocation.java:60)
	at app//org.junit.jupiter.engine.execution.InvocationInterceptorChain$ValidatingInvocation.proceed(InvocationInterceptorChain.java:131)
	at app//org.junit.jupiter.engine.extension.TimeoutExtension.intercept(TimeoutExtension.java:156)
	at app//org.junit.jupiter.engine.extension.TimeoutExtension.interceptTestableMethod(TimeoutExtension.java:147)
	at app//org.junit.jupiter.engine.extension.TimeoutExtension.interceptTestMethod(TimeoutExtension.java:86)
	at app//org.junit.jupiter.engine.execution.InterceptingExecutableInvoker$ReflectiveInterceptorCall.lambda$ofVoidMethod$0(InterceptingExecutableInvoker.java:103)
	at app//org.junit.jupiter.engine.execution.InterceptingExecutableInvoker.lambda$invoke$0(InterceptingExecutableInvoker.java:93)
	at app//org.junit.jupiter.engine.execution.InvocationInterceptorChain$InterceptedInvocation.proceed(InvocationInterceptorChain.java:106)
	at app//org.junit.jupiter.engine.execution.InvocationInterceptorChain.proceed(InvocationInterceptorChain.java:64)
	at app//org.junit.jupiter.engine.execution.InvocationInterceptorChain.chainAndInvoke(InvocationInterceptorChain.java:45)
	at app//org.junit.jupiter.engine.execution.InvocationInterceptorChain.invoke(InvocationInterceptorChain.java:37)
	at app//org.junit.jupiter.engine.execution.InterceptingExecutableInvoker.invoke(InterceptingExecutableInvoker.java:92)
	at app//org.junit.jupiter.engine.execution.InterceptingExecutableInvoker.invoke(InterceptingExecutableInvoker.java:86)
	at app//org.junit.jupiter.engine.descriptor.TestMethodTestDescriptor.lambda$invokeTestMethod$7(TestMethodTestDescriptor.java:217)
	at app//org.junit.platform.engine.support.hierarchical.ThrowableCollector.execute(ThrowableCollector.java:73)
	at app//org.junit.jupiter.engine.descriptor.TestMethodTestDescriptor.invokeTestMethod(TestMethodTestDescriptor.java:213)
	at app//org.junit.jupiter.engine.descriptor.TestMethodTestDescriptor.execute(TestMethodTestDescriptor.java:138)
	at app//org.junit.jupiter.engine.descriptor.TestMethodTestDescriptor.execute(TestMethodTestDescriptor.java:68)
	at app//org.junit.platform.engine.support.hierarchical.NodeTestTask.lambda$executeRecursively$6(NodeTestTask.java:151)
	at app//org.junit.platform.engine.support.hierarchical.ThrowableCollector.execute(ThrowableCollector.java:73)
	at app//org.junit.platform.engine.support.hierarchical.NodeTestTask.lambda$executeRecursively$8(NodeTestTask.java:141)
	at app//org.junit.platform.engine.support.hierarchical.Node.around(Node.java:137)
	at app//org.junit.platform.engine.support.hierarchical.NodeTestTask.lambda$executeRecursively$9(NodeTestTask.java:139)
	at app//org.junit.platform.engine.support.hierarchical.ThrowableCollector.execute(ThrowableCollector.java:73)
	at app//org.junit.platform.engine.support.hierarchical.NodeTestTask.executeRecursively(NodeTestTask.java:138)
	at app//org.junit.platform.engine.support.hierarchical.NodeTestTask.execute(NodeTestTask.java:95)
	at java.base@11.0.12/java.util.ArrayList.forEach(ArrayList.java:1541)
	at app//org.junit.platform.engine.support.hierarchical.SameThreadHierarchicalTestExecutorService.invokeAll(SameThreadHierarchicalTestExecutorService.java:41)
	at app//org.junit.platform.engine.support.hierarchical.NodeTestTask.lambda$executeRecursively$6(NodeTestTask.java:155)
	at app//org.junit.platform.engine.support.hierarchical.ThrowableCollector.execute(ThrowableCollector.java:73)
	at app//org.junit.platform.engine.support.hierarchical.NodeTestTask.lambda$executeRecursively$8(NodeTestTask.java:141)
	at app//org.junit.platform.engine.support.hierarchical.Node.around(Node.java:137)
	at app//org.junit.platform.engine.support.hierarchical.NodeTestTask.lambda$executeRecursively$9(NodeTestTask.java:139)
	at app//org.junit.platform.engine.support.hierarchical.ThrowableCollector.execute(ThrowableCollector.java:73)
	at app//org.junit.platform.engine.support.hierarchical.NodeTestTask.executeRecursively(NodeTestTask.java:138)
	at app//org.junit.platform.engine.support.hierarchical.NodeTestTask.execute(NodeTestTask.java:95)
	at java.base@11.0.12/java.util.ArrayList.forEach(ArrayList.java:1541)
	at app//org.junit.platform.engine.support.hierarchical.SameThreadHierarchicalTestExecutorService.invokeAll(SameThreadHierarchicalTestExecutorService.java:41)
	at app//org.junit.platform.engine.support.hierarchical.NodeTestTask.lambda$executeRecursively$6(NodeTestTask.java:155)
	at app//org.junit.platform.engine.support.hierarchical.ThrowableCollector.execute(ThrowableCollector.java:73)
	at app//org.junit.platform.engine.support.hierarchical.NodeTestTask.lambda$executeRecursively$8(NodeTestTask.java:141)
	at app//org.junit.platform.engine.support.hierarchical.Node.around(Node.java:137)
	at app//org.junit.platform.engine.support.hierarchical.NodeTestTask.lambda$executeRecursively$9(NodeTestTask.java:139)
	at app//org.junit.platform.engine.support.hierarchical.ThrowableCollector.execute(ThrowableCollector.java:73)
	at app//org.junit.platform.engine.support.hierarchical.NodeTestTask.executeRecursively(NodeTestTask.java:138)
	at app//org.junit.platform.engine.support.hierarchical.NodeTestTask.execute(NodeTestTask.java:95)
	at app//org.junit.platform.engine.support.hierarchical.SameThreadHierarchicalTestExecutorService.submit(SameThreadHierarchicalTestExecutorService.java:35)
	at app//org.junit.platform.engine.support.hierarchical.HierarchicalTestExecutor.execute(HierarchicalTestExecutor.java:57)
	at app//org.junit.platform.engine.support.hierarchical.HierarchicalTestEngine.execute(HierarchicalTestEngine.java:54)
	at org.junit.platform.launcher.core.EngineExecutionOrchestrator.execute(EngineExecutionOrchestrator.java:108)
	at org.junit.platform.launcher.core.EngineExecutionOrchestrator.execute(EngineExecutionOrchestrator.java:88)
	at org.junit.platform.launcher.core.EngineExecutionOrchestrator.lambda$execute$0(EngineExecutionOrchestrator.java:54)
	at org.junit.platform.launcher.core.EngineExecutionOrchestrator.withInterceptedStreams(EngineExecutionOrchestrator.java:67)
	at org.junit.platform.launcher.core.EngineExecutionOrchestrator.execute(EngineExecutionOrchestrator.java:52)
	at org.junit.platform.launcher.core.DefaultLauncher.execute(DefaultLauncher.java:96)
	at org.junit.platform.launcher.core.DefaultLauncher.execute(DefaultLauncher.java:75)
	at org.gradle.api.internal.tasks.testing.junitplatform.JUnitPlatformTestClassProcessor$CollectAllTestClassesExecutor.processAllTestClasses(JUnitPlatformTestClassProcessor.java:99)
	at org.gradle.api.internal.tasks.testing.junitplatform.JUnitPlatformTestClassProcessor$CollectAllTestClassesExecutor.access$000(JUnitPlatformTestClassProcessor.java:79)
	at org.gradle.api.internal.tasks.testing.junitplatform.JUnitPlatformTestClassProcessor.stop(JUnitPlatformTestClassProcessor.java:75)
	at org.gradle.api.internal.tasks.testing.SuiteTestClassProcessor.stop(SuiteTestClassProcessor.java:61)
	at java.base@11.0.12/jdk.internal.reflect.NativeMethodAccessorImpl.invoke0(Native Method)
	at java.base@11.0.12/jdk.internal.reflect.NativeMethodAccessorImpl.invoke(NativeMethodAccessorImpl.java:62)
	at java.base@11.0.12/jdk.internal.reflect.DelegatingMethodAccessorImpl.invoke(DelegatingMethodAccessorImpl.java:43)
	at java.base@11.0.12/java.lang.reflect.Method.invoke(Method.java:566)
	at org.gradle.internal.dispatch.ReflectionDispatch.dispatch(ReflectionDispatch.java:36)
	at org.gradle.internal.dispatch.ReflectionDispatch.dispatch(ReflectionDispatch.java:24)
	at org.gradle.internal.dispatch.ContextClassLoaderDispatch.dispatch(ContextClassLoaderDispatch.java:33)
	at org.gradle.internal.dispatch.ProxyDispatchAdapter$DispatchingInvocationHandler.invoke(ProxyDispatchAdapter.java:94)
	at com.sun.proxy.$Proxy2.stop(Unknown Source)
	at org.gradle.api.internal.tasks.testing.worker.TestWorker$3.run(TestWorker.java:193)
	at org.gradle.api.internal.tasks.testing.worker.TestWorker.executeAndMaintainThreadName(TestWorker.java:129)
	at org.gradle.api.internal.tasks.testing.worker.TestWorker.execute(TestWorker.java:100)
	at org.gradle.api.internal.tasks.testing.worker.TestWorker.execute(TestWorker.java:60)
	at org.gradle.process.internal.worker.child.ActionExecutionWorker.execute(ActionExecutionWorker.java:56)
	at org.gradle.process.internal.worker.child.SystemApplicationClassLoaderWorker.call(SystemApplicationClassLoaderWorker.java:133)
	at org.gradle.process.internal.worker.child.SystemApplicationClassLoaderWorker.call(SystemApplicationClassLoaderWorker.java:71)
	at app//worker.org.gradle.process.internal.worker.GradleWorkerMain.run(GradleWorkerMain.java:69)
	at app//worker.org.gradle.process.internal.worker.GradleWorkerMain.main(GradleWorkerMain.java:74)
</failure>
  </testcase>
  <system-out><![CDATA[Rob Holding has been warned
Bakary Saka has been warned
Thiago Silva has been warned
Mateo Kovavic has been warned
Bakary Saka has been sent OFF!
Ben White has been warned
Thomas Partey has been warned
Reece James has been warned
[Arsenal, Bakary Saka, Pass, Thomas Partey, Hit Woodwork, Gabriel Jesus, Long Pass, Thomas Partey, Dribble, Through Ball, Bakary Saka, Foul, Mateo Kovavic, Thomas Partey, Pass, Rob Holding, Backwards Pass, Gabriel Jesus, Backwards Pass, Bakary Saka, Backwards Pass, Ben White, Backwards Pass, Bakary Saka, Offside, Ben White, Long Pass, Gabriel Jesus, Shot, Save, Keeper pass, Mateo Kovavic, Pass, Reece James, Pass, Kai Havertz, Pass, Mateo Kovavic, Long Pass, Kai Havertz, Yellow, Rob Holding, Thiago Silva, Pass, Kai Havertz, Hit Woodwork, Mason Mount, Pass, Mateo Kovavic, Shot, GOAL!!, Goal from Inside Box, Kick Off, Gabriel Jesus, Pass, Rob Holding, Long Pass, Bakary Saka, Shot, GOAL!!, Goal from Outside Box, Kick Off, Thiago Silva, Pass, Kai Havertz, Dribble, Through Ball, Thiago Silva, Long Pass, Mason Mount, Dribble, Through Ball, Mateo Kovavic, Dribble, Dribble, Through Ball, Thiago Silva, Pass, Kai Havertz, Off Target, Reece James, Yellow, Bakary Saka, Reece James, Pass, Thiago Silva, Interception, Gabriel Jesus, Dribble, Long Pass, Bakary Saka, Pass, Thomas Partey, Yellow, Thiago Silva, Gabriel Jesus, Pass, Rob Holding, Backwards Pass, Gabriel Jesus, Long Pass, Bakary Saka, Backwards Pass, Thomas Partey, Backwards Pass, Bakary Saka, Pass, Rob Holding, Dribble, Long Pass, Thomas Partey, Offside, Gabriel Jesus, Long Pass, Bakary Saka, On Target, Gabriel Jesus, Long Pass, Ben White, Pass, Gabriel Jesus, Dribble, Pass, Bakary Saka, Foul, Reece James, Rob Holding, Pass, Ben White, Dribble, Dribble, Dribble, Dribble, Pass, Bakary Saka, On Target, Ben White, Pass, Gabriel Jesus, Long Pass, Bakary Saka, Dribble, Long Pass, Thomas Partey, Backwards Pass, Bakary Saka, Pass, Thomas Partey, Backwards Pass, Bakary Saka, Backwards Pass, Ben White, Backwards Pass, Bakary Saka, Long Pass, Gabriel Jesus, Backwards Pass, Thomas Partey, Dribble, Backwards Pass, Gabriel Jesus, Pass, Rob Holding, Yellow, Mateo Kovavic, Thomas Partey, Pass, Bakary Saka, On Target, Thomas Partey, Tackle, Mason Mount, Pass, Kai Havertz, Offside, Mateo Kovavic, Pass, Reece James, Backwards Pass, Mateo Kovavic, Dribble, Through Ball, Reece James, Yellow, Bakary Saka, Reece James, Pass, Thiago Silva, Tackle, Gabriel Jesus, Shot, Deflected, Out, Corner, Thomas Partey, Hit Woodwork, Rob Holding, Backwards Pass, Gabriel Jesus, Hit Woodwork, Thomas Partey, Dribble, Pass, Ben White, Dribble, Through Ball, Thomas Partey, Long Pass, Gabriel Jesus, Dribble, Dribble, Backwards Pass, Thomas Partey, Off Target, Rob Holding, Dribble, Long Pass, Thomas Partey, Backwards Pass, Ben White, Pass, Thomas Partey, Pass, Gabriel Jesus, Dribble, Backwards Pass, Rob Holding, Dribble, Through Ball, Gabriel Jesus, Pass, Rob Holding, Dribble, Dribble, Long Pass, Ben White, Interception, Kai Havertz, Off Target, Mateo Kovavic, Pass, Kai Havertz, Dribble, Through Ball, Thiago Silva, Backwards Pass, Mateo Kovavic, Pass, Mason Mount, Interception, Gabriel Jesus, Foul, Thiago Silva, Thomas Partey, Pass, Gabriel Jesus, Dribble, Pass, Ben White, Pass, Rob Holding, Interception, Thiago Silva, Foul, Thomas Partey, Mateo Kovavic, Pass, Kai Havertz, Pass, Mason Mount, Dribble, Through Ball, Thiago Silva, Long Pass, Kai Havertz, Foul, Rob Holding, Kai Havertz, Pass, Thiago Silva, Backwards Pass, Mason Mount, Backwards Pass, Reece James, Dribble, Backwards Pass, Mason Mount, Yellow, Ben White, Thiago Silva, Pass, Mateo Kovavic, Backwards Pass, Kai Havertz, Backwards Pass, Thiago Silva, Pass, Mateo Kovavic, Backwards Pass, Kai Havertz, Pass, Mason Mount, Pass, Kai Havertz, Tackle, Rob Holding, Long Pass, Ben White, Dribble, Dribble, Dribble, Through Ball, Gabriel Jesus, Shot, Save, Keeper pass, Mateo Kovavic, Pass, Mason Mount, Backwards Pass, Kai Havertz, On Target, Mateo Kovavic, Backwards Pass, Reece James, Long Pass, Mateo Kovavic, Dribble, Pass, Reece James, Pass, Kai Havertz, Off Target, Mateo Kovavic, Backwards Pass, Kai Havertz, Dribble, Pass, Thiago Silva, Long Pass, Reece James, Dribble, Dribble, Long Pass, Thiago Silva, Dribble, Long Pass, Mason Mount, Off Target, Mateo Kovavic, Foul, Rob Holding, Mateo Kovavic, Pass, Mason Mount, Long Pass, Reece James, Dribble, Pass, Thiago Silva, Long Pass, Mateo Kovavic, Off Target, Mason Mount, Long Pass, Mateo Kovavic, Dribble, Dribble, Pass, Mason Mount, Backwards Pass, Reece James, Interception, Thomas Partey, Backwards Pass, Rob Holding, Foul, Mason Mount, Gabriel Jesus, Pass, Rob Holding, Backwards Pass, Ben White, Foul, Thiago Silva, Ben White, Pass, Rob Holding, Interception, Reece James, Pass, Thiago Silva, Long Pass, Mason Mount, Off Target, Reece James, Dribble, Pass, Kai Havertz, Dribble, Backwards Pass, Thiago Silva, Yellow, Thomas Partey, Mateo Kovavic, Pass, Thiago Silva, Long Pass, Mateo Kovavic, Backwards Pass, Thiago Silva, Backwards Pass, Mateo Kovavic, Dribble, Backwards Pass, Kai Havertz, Long Pass, Mateo Kovavic, Dribble, Backwards Pass, Thiago Silva, Long Pass, Mateo Kovavic, Long Pass, Thiago Silva, Foul, Thomas Partey, Thiago Silva, Pass, Mason Mount, Backwards Pass, Mateo Kovavic, Offside, Thiago Silva, Interception, Rob Holding, Dribble, Long Pass, Ben White, Pass, Gabriel Jesus, Yellow, Reece James, Gabriel Jesus, Pass, Ben White, Pass, Thomas Partey, Off Target, Ben White, Foul, Kai Havertz, Ben White, Pass, Gabriel Jesus, Offside, Thomas Partey, Long Pass, Ben White, Pass, Thomas Partey, Foul, Mateo Kovavic, Ben White, Pass, Gabriel Jesus, Backwards Pass, Ben White, Pass, Thomas Partey, Pass, Rob Holding, Backwards Pass, Thomas Partey, Off Target, Ben White, Long Pass, Thomas Partey]
{Mason Mount=16, Through Ball=10, Kai Havertz=20, Thomas Partey=28, Backwards Pass=39, Bakary Saka=18, Offside=5, Keeper pass=2, Goal from Outside Box=1, Dribble=44, GOAL!!=2, Corner=1, Pass=62, Rob Holding=20, Arsenal=1, Reece James=16, Interception=7, Kick Off=2, Thiago Silva=26, Foul=11, Mateo Kovavic=28, Deflected=1, Ben White=22, Goal from Inside Box=1, Out=1, Gabriel Jesus=26, Off Target=9, Tackle=3, Yellow=8, On Target=4, Long Pass=33, Save=2, Shot=5, Hit Woodwork=4}
Goal{playerName='Mateo Kovavic', timeScored=9.0}
Goal{playerName='Bakary Saka', timeScored=11.0}
Card{PlayerName='Rob Holding'cardType='Yellow'time='42.0'}
Card{PlayerName='Bakary Saka'cardType='Yellow'time='83.0'}
Card{PlayerName='Thiago Silva'cardType='Yellow'time='95.0'}
Card{PlayerName='Mateo Kovavic'cardType='Yellow'time='165.0'}
Card{PlayerName='Bakary Saka'cardType='Red'time='185.0'}
Card{PlayerName='Ben White'cardType='Yellow'time='289.0'}
Card{PlayerName='Thomas Partey'cardType='Yellow'time='404.0'}
Card{PlayerName='Reece James'cardType='Yellow'time='443.0'}
]]></system-out>
  <system-err><![CDATA[]]></system-err>
</testsuite>
