<?xml version="1.0" encoding="UTF-8"?>
<testsuite name="GamePlayTest" tests="1" skipped="0" failures="1" errors="0" timestamp="2022-10-20T11:16:30" hostname="LUK-5CG01160SZ" time="0.053">
  <properties/>
  <testcase name="GivenTeams_AGameIsGenerated_AndSavedInTheGameLog()" classname="GamePlayTest" time="0.053">
    <failure message="org.opentest4j.AssertionFailedError: expected: &lt;8&gt; but was: &lt;430&gt;" type="org.opentest4j.AssertionFailedError">org.opentest4j.AssertionFailedError: expected: &lt;8&gt; but was: &lt;430&gt;
	at app//org.junit.jupiter.api.AssertionFailureBuilder.build(AssertionFailureBuilder.java:151)
	at app//org.junit.jupiter.api.AssertionFailureBuilder.buildAndThrow(AssertionFailureBuilder.java:132)
	at app//org.junit.jupiter.api.AssertEquals.failNotEqual(AssertEquals.java:197)
	at app//org.junit.jupiter.api.AssertEquals.assertEquals(AssertEquals.java:150)
	at app//org.junit.jupiter.api.AssertEquals.assertEquals(AssertEquals.java:145)
	at app//org.junit.jupiter.api.Assertions.assertEquals(Assertions.java:527)
	at app//GamePlayTest.GivenTeams_AGameIsGenerated_AndSavedInTheGameLog(GamePlayTest.java:56)
	at java.base@11.0.12/jdk.internal.reflect.NativeMethodAccessorImpl.invoke0(Native Method)
	at java.base@11.0.12/jdk.internal.reflect.NativeMethodAccessorImpl.invoke(NativeMethodAccessorImpl.java:62)
	at java.base@11.0.12/jdk.internal.reflect.DelegatingMethodAccessorImpl.invoke(DelegatingMethodAccessorImpl.java:43)
	at java.base@11.0.12/java.lang.reflect.Method.invoke(Method.java:566)
	at app//org.junit.platform.commons.util.ReflectionUtils.invokeMethod(ReflectionUtils.java:727)
	at app//org.junit.jupiter.engine.execution.MethodInvocation.proceed(MethodInvocation.java:60)
	at app//org.junit.jupiter.engine.execution.InvocationInterceptorChain$ValidatingInvocation.proceed(InvocationInterceptorChain.java:131)
	at app//org.junit.jupiter.engine.extension.TimeoutExtension.intercept(TimeoutExtension.java:156)
	at app//org.junit.jupiter.engine.extension.TimeoutExtension.interceptTestableMethod(TimeoutExtension.java:147)
	at app//org.junit.jupiter.engine.extension.TimeoutExtension.interceptTestMethod(TimeoutExtension.java:86)
	at app//org.junit.jupiter.engine.execution.InterceptingExecutableInvoker$ReflectiveInterceptorCall.lambda$ofVoidMethod$0(InterceptingExecutableInvoker.java:103)
	at app//org.junit.jupiter.engine.execution.InterceptingExecutableInvoker.lambda$invoke$0(InterceptingExecutableInvoker.java:93)
	at app//org.junit.jupiter.engine.execution.InvocationInterceptorChain$InterceptedInvocation.proceed(InvocationInterceptorChain.java:106)
	at app//org.junit.jupiter.engine.execution.InvocationInterceptorChain.proceed(InvocationInterceptorChain.java:64)
	at app//org.junit.jupiter.engine.execution.InvocationInterceptorChain.chainAndInvoke(InvocationInterceptorChain.java:45)
	at app//org.junit.jupiter.engine.execution.InvocationInterceptorChain.invoke(InvocationInterceptorChain.java:37)
	at app//org.junit.jupiter.engine.execution.InterceptingExecutableInvoker.invoke(InterceptingExecutableInvoker.java:92)
	at app//org.junit.jupiter.engine.execution.InterceptingExecutableInvoker.invoke(InterceptingExecutableInvoker.java:86)
	at app//org.junit.jupiter.engine.descriptor.TestMethodTestDescriptor.lambda$invokeTestMethod$7(TestMethodTestDescriptor.java:217)
	at app//org.junit.platform.engine.support.hierarchical.ThrowableCollector.execute(ThrowableCollector.java:73)
	at app//org.junit.jupiter.engine.descriptor.TestMethodTestDescriptor.invokeTestMethod(TestMethodTestDescriptor.java:213)
	at app//org.junit.jupiter.engine.descriptor.TestMethodTestDescriptor.execute(TestMethodTestDescriptor.java:138)
	at app//org.junit.jupiter.engine.descriptor.TestMethodTestDescriptor.execute(TestMethodTestDescriptor.java:68)
	at app//org.junit.platform.engine.support.hierarchical.NodeTestTask.lambda$executeRecursively$6(NodeTestTask.java:151)
	at app//org.junit.platform.engine.support.hierarchical.ThrowableCollector.execute(ThrowableCollector.java:73)
	at app//org.junit.platform.engine.support.hierarchical.NodeTestTask.lambda$executeRecursively$8(NodeTestTask.java:141)
	at app//org.junit.platform.engine.support.hierarchical.Node.around(Node.java:137)
	at app//org.junit.platform.engine.support.hierarchical.NodeTestTask.lambda$executeRecursively$9(NodeTestTask.java:139)
	at app//org.junit.platform.engine.support.hierarchical.ThrowableCollector.execute(ThrowableCollector.java:73)
	at app//org.junit.platform.engine.support.hierarchical.NodeTestTask.executeRecursively(NodeTestTask.java:138)
	at app//org.junit.platform.engine.support.hierarchical.NodeTestTask.execute(NodeTestTask.java:95)
	at java.base@11.0.12/java.util.ArrayList.forEach(ArrayList.java:1541)
	at app//org.junit.platform.engine.support.hierarchical.SameThreadHierarchicalTestExecutorService.invokeAll(SameThreadHierarchicalTestExecutorService.java:41)
	at app//org.junit.platform.engine.support.hierarchical.NodeTestTask.lambda$executeRecursively$6(NodeTestTask.java:155)
	at app//org.junit.platform.engine.support.hierarchical.ThrowableCollector.execute(ThrowableCollector.java:73)
	at app//org.junit.platform.engine.support.hierarchical.NodeTestTask.lambda$executeRecursively$8(NodeTestTask.java:141)
	at app//org.junit.platform.engine.support.hierarchical.Node.around(Node.java:137)
	at app//org.junit.platform.engine.support.hierarchical.NodeTestTask.lambda$executeRecursively$9(NodeTestTask.java:139)
	at app//org.junit.platform.engine.support.hierarchical.ThrowableCollector.execute(ThrowableCollector.java:73)
	at app//org.junit.platform.engine.support.hierarchical.NodeTestTask.executeRecursively(NodeTestTask.java:138)
	at app//org.junit.platform.engine.support.hierarchical.NodeTestTask.execute(NodeTestTask.java:95)
	at java.base@11.0.12/java.util.ArrayList.forEach(ArrayList.java:1541)
	at app//org.junit.platform.engine.support.hierarchical.SameThreadHierarchicalTestExecutorService.invokeAll(SameThreadHierarchicalTestExecutorService.java:41)
	at app//org.junit.platform.engine.support.hierarchical.NodeTestTask.lambda$executeRecursively$6(NodeTestTask.java:155)
	at app//org.junit.platform.engine.support.hierarchical.ThrowableCollector.execute(ThrowableCollector.java:73)
	at app//org.junit.platform.engine.support.hierarchical.NodeTestTask.lambda$executeRecursively$8(NodeTestTask.java:141)
	at app//org.junit.platform.engine.support.hierarchical.Node.around(Node.java:137)
	at app//org.junit.platform.engine.support.hierarchical.NodeTestTask.lambda$executeRecursively$9(NodeTestTask.java:139)
	at app//org.junit.platform.engine.support.hierarchical.ThrowableCollector.execute(ThrowableCollector.java:73)
	at app//org.junit.platform.engine.support.hierarchical.NodeTestTask.executeRecursively(NodeTestTask.java:138)
	at app//org.junit.platform.engine.support.hierarchical.NodeTestTask.execute(NodeTestTask.java:95)
	at app//org.junit.platform.engine.support.hierarchical.SameThreadHierarchicalTestExecutorService.submit(SameThreadHierarchicalTestExecutorService.java:35)
	at app//org.junit.platform.engine.support.hierarchical.HierarchicalTestExecutor.execute(HierarchicalTestExecutor.java:57)
	at app//org.junit.platform.engine.support.hierarchical.HierarchicalTestEngine.execute(HierarchicalTestEngine.java:54)
	at org.junit.platform.launcher.core.EngineExecutionOrchestrator.execute(EngineExecutionOrchestrator.java:108)
	at org.junit.platform.launcher.core.EngineExecutionOrchestrator.execute(EngineExecutionOrchestrator.java:88)
	at org.junit.platform.launcher.core.EngineExecutionOrchestrator.lambda$execute$0(EngineExecutionOrchestrator.java:54)
	at org.junit.platform.launcher.core.EngineExecutionOrchestrator.withInterceptedStreams(EngineExecutionOrchestrator.java:67)
	at org.junit.platform.launcher.core.EngineExecutionOrchestrator.execute(EngineExecutionOrchestrator.java:52)
	at org.junit.platform.launcher.core.DefaultLauncher.execute(DefaultLauncher.java:96)
	at org.junit.platform.launcher.core.DefaultLauncher.execute(DefaultLauncher.java:75)
	at org.gradle.api.internal.tasks.testing.junitplatform.JUnitPlatformTestClassProcessor$CollectAllTestClassesExecutor.processAllTestClasses(JUnitPlatformTestClassProcessor.java:99)
	at org.gradle.api.internal.tasks.testing.junitplatform.JUnitPlatformTestClassProcessor$CollectAllTestClassesExecutor.access$000(JUnitPlatformTestClassProcessor.java:79)
	at org.gradle.api.internal.tasks.testing.junitplatform.JUnitPlatformTestClassProcessor.stop(JUnitPlatformTestClassProcessor.java:75)
	at org.gradle.api.internal.tasks.testing.SuiteTestClassProcessor.stop(SuiteTestClassProcessor.java:61)
	at java.base@11.0.12/jdk.internal.reflect.NativeMethodAccessorImpl.invoke0(Native Method)
	at java.base@11.0.12/jdk.internal.reflect.NativeMethodAccessorImpl.invoke(NativeMethodAccessorImpl.java:62)
	at java.base@11.0.12/jdk.internal.reflect.DelegatingMethodAccessorImpl.invoke(DelegatingMethodAccessorImpl.java:43)
	at java.base@11.0.12/java.lang.reflect.Method.invoke(Method.java:566)
	at org.gradle.internal.dispatch.ReflectionDispatch.dispatch(ReflectionDispatch.java:36)
	at org.gradle.internal.dispatch.ReflectionDispatch.dispatch(ReflectionDispatch.java:24)
	at org.gradle.internal.dispatch.ContextClassLoaderDispatch.dispatch(ContextClassLoaderDispatch.java:33)
	at org.gradle.internal.dispatch.ProxyDispatchAdapter$DispatchingInvocationHandler.invoke(ProxyDispatchAdapter.java:94)
	at com.sun.proxy.$Proxy2.stop(Unknown Source)
	at org.gradle.api.internal.tasks.testing.worker.TestWorker$3.run(TestWorker.java:193)
	at org.gradle.api.internal.tasks.testing.worker.TestWorker.executeAndMaintainThreadName(TestWorker.java:129)
	at org.gradle.api.internal.tasks.testing.worker.TestWorker.execute(TestWorker.java:100)
	at org.gradle.api.internal.tasks.testing.worker.TestWorker.execute(TestWorker.java:60)
	at org.gradle.process.internal.worker.child.ActionExecutionWorker.execute(ActionExecutionWorker.java:56)
	at org.gradle.process.internal.worker.child.SystemApplicationClassLoaderWorker.call(SystemApplicationClassLoaderWorker.java:133)
	at org.gradle.process.internal.worker.child.SystemApplicationClassLoaderWorker.call(SystemApplicationClassLoaderWorker.java:71)
	at app//worker.org.gradle.process.internal.worker.GradleWorkerMain.run(GradleWorkerMain.java:69)
	at app//worker.org.gradle.process.internal.worker.GradleWorkerMain.main(GradleWorkerMain.java:74)
</failure>
  </testcase>
  <system-out><![CDATA[{Mason Mount=1, Gabriel Jesus=1, Thomas Partey=1, Reece James=2, Bakary Saka=1}
Out oF HeRe!!
{Mason Mount=1, Gabriel Jesus=1, OUT OF HERE=1, Thomas Partey=1, Reece James=2, Bakary Saka=1}
{Mason Mount=2, Gabriel Jesus=1, OUT OF HERE=1, Thomas Partey=1, Reece James=2, Bakary Saka=1}
Out oF HeRe!!
{Mason Mount=2, Gabriel Jesus=1, OUT OF HERE=2, Thomas Partey=1, Reece James=2, Bakary Saka=1}
[Chelsea, Thiago Silva, Pass, Mason Mount, Dribble, Long Pass, Mateo Kovavic, Dribble, Through Ball, Mason Mount, Pass, Reece James, Long Pass, Thiago Silva, Long Pass, Kai Havertz, Off Target, Mateo Kovavic, Long Pass, Reece James, Dribble, Backwards Pass, Thiago Silva, Backwards Pass, Kai Havertz, Backwards Pass, Mateo Kovavic, Pass, Kai Havertz, Backwards Pass, Mateo Kovavic, Interception, Thomas Partey, Dribble, Long Pass, Gabriel Jesus, Backwards Pass, Rob Holding, Interception, Mason Mount, On Target, Mateo Kovavic, Offside, Thiago Silva, Long Pass, Reece James, Dribble, Through Ball, Mateo Kovavic, Pass, Mason Mount, Yellow, Gabriel Jesus, Kai Havertz, Pass, Mason Mount, Interception, Thomas Partey, Backwards Pass, Gabriel Jesus, Backwards Pass, Ben White, Pass, Bakary Saka, Pass, Gabriel Jesus, Backwards Pass, Rob Holding, Yellow, Reece James, Rob Holding, Pass, Gabriel Jesus, Shot, Save, Long Pass, Mateo Kovavic, Interception, Thomas Partey, Backwards Pass, Bakary Saka, Dribble, Through Ball, Rob Holding, Long Pass, Gabriel Jesus, Hit Woodwork, Ben White, Dribble, Through Ball, Bakary Saka, Pass, Ben White, Backwards Pass, Bakary Saka, Foul, Mason Mount, Ben White, Pass, Gabriel Jesus, Backwards Pass, Rob Holding, Long Pass, Bakary Saka, On Target, Gabriel Jesus, Long Pass, Rob Holding, Pass, Thomas Partey, Long Pass, Gabriel Jesus, Pass, Rob Holding, Tackle, Mateo Kovavic, Hit Woodwork, Thiago Silva, Pass, Reece James, Pass, Mason Mount, Hit Woodwork, Thiago Silva, Tackle, Gabriel Jesus, Long Pass, Thomas Partey, Hit Woodwork, Gabriel Jesus, Backwards Pass, Ben White, Backwards Pass, Rob Holding, Dribble, Dribble, Dribble, Pass, Ben White, Pass, Bakary Saka, Backwards Pass, Ben White, Backwards Pass, Bakary Saka, Hit Woodwork, Gabriel Jesus, Yellow, Mason Mount, Gabriel Jesus, Pass, Rob Holding, Tackle, Reece James, Interception, Gabriel Jesus, Backwards Pass, Bakary Saka, Interception, Mateo Kovavic, Long Pass, Mason Mount, Backwards Pass, Thiago Silva, Dribble, Long Pass, Kai Havertz, Pass, Thiago Silva, Backwards Pass, Mateo Kovavic, Off Target, Thiago Silva, Backwards Pass, Kai Havertz, Yellow, Bakary Saka, Thiago Silva, Pass, Kai Havertz, Dribble, Backwards Pass, Mason Mount, Yellow, Thomas Partey, Mason Mount, Pass, Kai Havertz, Dribble, Long Pass, Thiago Silva, Pass, Kai Havertz, Off Target, Thiago Silva, Tackle, Ben White, Long Pass, Bakary Saka, Yellow, Reece James, OUT OF HERE, Rob Holding, Pass, Thomas Partey, Long Pass, Gabriel Jesus, Long Pass, Thomas Partey, Pass, Rob Holding, Pass, Gabriel Jesus, On Target, Ben White, Dribble, Backwards Pass, Gabriel Jesus, Shot, GOAL!!, Goal from Inside Box, Kick Off, Mateo Kovavic, Pass, Reece James, Backwards Pass, Thiago Silva, Dribble, Long Pass, Reece James, Long Pass, Mateo Kovavic, Hit Woodwork, Thiago Silva, Long Pass, Reece James, Long Pass, Kai Havertz, Hit Woodwork, Mason Mount, Backwards Pass, Kai Havertz, Shot, GOAL!!, Goal from Outside Box, Kick Off, Bakary Saka, Pass, Ben White, Pass, Bakary Saka, Dribble, Pass, Ben White, Long Pass, Rob Holding, Dribble, Backwards Pass, Bakary Saka, Pass, Gabriel Jesus, Pass, Bakary Saka, Hit Woodwork, Thomas Partey, Tackle, Thiago Silva, Pass, Mateo Kovavic, Dribble, Long Pass, Kai Havertz, Backwards Pass, Mateo Kovavic, Interception, Ben White, Yellow, Mason Mount, OUT OF HERE, Ben White, Pass, Gabriel Jesus, Pass, Rob Holding, Long Pass, Gabriel Jesus, Offside, Rob Holding, Pass, Thomas Partey, Backwards Pass, Ben White, Dribble, Dribble, Pass, Gabriel Jesus, On Target, Rob Holding, Backwards Pass, Thomas Partey, Hit Woodwork, Bakary Saka, Dribble, Backwards Pass, Rob Holding, Backwards Pass, Thomas Partey, On Target, Gabriel Jesus, Dribble, Pass, Bakary Saka, Pass, Gabriel Jesus, Pass, Bakary Saka, On Target, Ben White, Foul, Reece James, Rob Holding, Pass, Bakary Saka, Long Pass, Rob Holding, Long Pass, Ben White, Tackle, Mason Mount, Off Target, Thiago Silva, Long Pass, Mateo Kovavic, Long Pass, Mason Mount, Backwards Pass, Kai Havertz, Offside, Mason Mount, Tackle, Rob Holding, Tackle, Reece James, Backwards Pass, Thiago Silva, Long Pass, Reece James, Dribble, Backwards Pass, Kai Havertz, Dribble, Dribble, Dribble, Long Pass, Mason Mount, Backwards Pass, Kai Havertz, Dribble, Through Ball, Mason Mount, Dribble, Backwards Pass, Mateo Kovavic, Interception, Bakary Saka, Long Pass, Rob Holding, Backwards Pass, Bakary Saka, Shot, Save, Dribble, Through Ball, Thiago Silva, Pass, Mason Mount, Dribble, Dribble, Pass, Mateo Kovavic, Backwards Pass, Mason Mount, Backwards Pass, Reece James, Dribble, Long Pass, Kai Havertz, Off Target, Mateo Kovavic, Hit Woodwork, Mason Mount, Pass, Kai Havertz, Hit Woodwork, Thiago Silva, Long Pass, Kai Havertz, Tackle, Thomas Partey, Dribble, Through Ball, Ben White, Backwards Pass, Thomas Partey, Long Pass, Rob Holding, Dribble, Through Ball, Bakary Saka, Pass, Rob Holding, Pass, Bakary Saka, Off Target, Thomas Partey, Off Target, Ben White, Interception, Reece James, Tackle, Rob Holding, Dribble, Long Pass, Bakary Saka, Off Target, Rob Holding, Tackle, Mason Mount, On Target, Reece James]
{Mason Mount=22, Through Ball=8, Kai Havertz=18, Thomas Partey=15, Backwards Pass=38, Bakary Saka=23, Offside=3, Goal from Outside Box=1, Dribble=35, GOAL!!=2, Pass=44, Rob Holding=24, OUT OF HERE=2, Chelsea=1, Reece James=16, Interception=9, Kick Off=2, Thiago Silva=19, Foul=2, Mateo Kovavic=18, Ben White=18, Goal from Inside Box=1, Off Target=8, Gabriel Jesus=23, Tackle=11, Yellow=7, On Target=7, Long Pass=36, Save=2, Shot=4, Hit Woodwork=11}
Goal{playerName='Gabriel Jesus', timeScored=45.0}
Goal{playerName='Kai Havertz', timeScored=50.0}
Card{PlayerName='Gabriel Jesus'cardType='Yellow'time='53.0'}
Card{PlayerName='Reece James'cardType='Yellow'time='70.0'}
Card{PlayerName='Mason Mount'cardType='Yellow'time='149.0'}
Card{PlayerName='Bakary Saka'cardType='Yellow'time='177.0'}
Card{PlayerName='Thomas Partey'cardType='Yellow'time='185.0'}
Card{PlayerName='Reece James'cardType='Yellow'time='201.0'}
Card{PlayerName='OUT OF HERE'cardType='Red'time='202.0'}
Card{PlayerName='Mason Mount'cardType='Yellow'time='278.0'}
Card{PlayerName='OUT OF HERE'cardType='Red'time='279.0'}
]]></system-out>
  <system-err><![CDATA[]]></system-err>
</testsuite>
