<?xml version="1.0" encoding="UTF-8"?>
<testsuite name="ActionTest" tests="4" skipped="0" failures="0" errors="0" timestamp="2022-10-05T14:18:22" hostname="LUK-5CG01160SZ" time="0.028">
  <properties/>
  <testcase name="GivenTwoTeams_GetPlayers()" classname="ActionTest" time="0.018"/>
  <testcase name="GivenTeams_AnActionIsCompleted_AndSavedInTheGameLog()" classname="ActionTest" time="0.007"/>
  <testcase name="GivenTeams_PlayerAppearsInGameLog()" classname="ActionTest" time="0.001"/>
  <testcase name="GivenTwoTeams_GetHomeTeamAndAwayTeam()" classname="ActionTest" time="0.001"/>
  <system-out><![CDATA[]]></system-out>
  <system-err><![CDATA[]]></system-err>
</testsuite>
