<?xml version="1.0" encoding="UTF-8"?>
<testsuite name="ResultsTest" tests="1" skipped="0" failures="0" errors="0" timestamp="2022-10-07T11:57:34" hostname="LUK-5CG01160SZ" time="0.001">
  <properties/>
  <testcase name="GivenARandomGameResult_WhenThatThereAreNoEntries_ThenReturnAGoalInteger()" classname="ResultsTest" time="0.001"/>
  <system-out><![CDATA[]]></system-out>
  <system-err><![CDATA[]]></system-err>
</testsuite>
